<?xml version="1.0" encoding="UTF-8"?>
<testsuites>
  <testsuite name="Innochannel\Sdk\Tests\Unit\Services\PropertyServiceTest" file="E:\CodifyTech\Innochannel\sdk\implementations\php\tests\Unit\Services\PropertyServiceTest.php" tests="24" assertions="51" errors="0" failures="0" skipped="0" time="0.020805">
    <testcase name="testCreatePropertySuccess" file="E:\CodifyTech\Innochannel\sdk\implementations\php\tests\Unit\Services\PropertyServiceTest.php" line="115" class="Innochannel\Sdk\Tests\Unit\Services\PropertyServiceTest" classname="Innochannel.Sdk.Tests.Unit.Services.PropertyServiceTest" assertions="2" time="0.013869"/>
    <testcase name="testCreatePropertyValidationFailure" file="E:\CodifyTech\Innochannel\sdk\implementations\php\tests\Unit\Services\PropertyServiceTest.php" line="149" class="Innochannel\Sdk\Tests\Unit\Services\PropertyServiceTest" classname="Innochannel.Sdk.Tests.Unit.Services.PropertyServiceTest" assertions="1" time="0.000790"/>
    <testcase name="testGetPropertySuccess" file="E:\CodifyTech\Innochannel\sdk\implementations\php\tests\Unit\Services\PropertyServiceTest.php" line="173" class="Innochannel\Sdk\Tests\Unit\Services\PropertyServiceTest" classname="Innochannel.Sdk.Tests.Unit.Services.PropertyServiceTest" assertions="2" time="0.000169"/>
    <testcase name="testGetPropertyNotFound" file="E:\CodifyTech\Innochannel\sdk\implementations\php\tests\Unit\Services\PropertyServiceTest.php" line="190" class="Innochannel\Sdk\Tests\Unit\Services\PropertyServiceTest" classname="Innochannel.Sdk.Tests.Unit.Services.PropertyServiceTest" assertions="1" time="0.000241"/>
    <testcase name="testListPropertiesWithDefaultFilters" file="E:\CodifyTech\Innochannel\sdk\implementations\php\tests\Unit\Services\PropertyServiceTest.php" line="203" class="Innochannel\Sdk\Tests\Unit\Services\PropertyServiceTest" classname="Innochannel.Sdk.Tests.Unit.Services.PropertyServiceTest" assertions="4" time="0.000585"/>
    <testcase name="testListPropertiesWithCustomFilters" file="E:\CodifyTech\Innochannel\sdk\implementations\php\tests\Unit\Services\PropertyServiceTest.php" line="226" class="Innochannel\Sdk\Tests\Unit\Services\PropertyServiceTest" classname="Innochannel.Sdk.Tests.Unit.Services.PropertyServiceTest" assertions="4" time="0.000155"/>
    <testcase name="testUpdatePropertySuccess" file="E:\CodifyTech\Innochannel\sdk\implementations\php\tests\Unit\Services\PropertyServiceTest.php" line="256" class="Innochannel\Sdk\Tests\Unit\Services\PropertyServiceTest" classname="Innochannel.Sdk.Tests.Unit.Services.PropertyServiceTest" assertions="2" time="0.000196"/>
    <testcase name="testUpdatePropertyValidationFailure" file="E:\CodifyTech\Innochannel\sdk\implementations\php\tests\Unit\Services\PropertyServiceTest.php" line="278" class="Innochannel\Sdk\Tests\Unit\Services\PropertyServiceTest" classname="Innochannel.Sdk.Tests.Unit.Services.PropertyServiceTest" assertions="1" time="0.000120"/>
    <testcase name="testDeletePropertySuccess" file="E:\CodifyTech\Innochannel\sdk\implementations\php\tests\Unit\Services\PropertyServiceTest.php" line="292" class="Innochannel\Sdk\Tests\Unit\Services\PropertyServiceTest" classname="Innochannel.Sdk.Tests.Unit.Services.PropertyServiceTest" assertions="1" time="0.000275"/>
    <testcase name="testCreateRoomSuccess" file="E:\CodifyTech\Innochannel\sdk\implementations\php\tests\Unit\Services\PropertyServiceTest.php" line="306" class="Innochannel\Sdk\Tests\Unit\Services\PropertyServiceTest" classname="Innochannel.Sdk.Tests.Unit.Services.PropertyServiceTest" assertions="2" time="0.000427"/>
    <testcase name="testCreateRoomValidationFailure" file="E:\CodifyTech\Innochannel\sdk\implementations\php\tests\Unit\Services\PropertyServiceTest.php" line="337" class="Innochannel\Sdk\Tests\Unit\Services\PropertyServiceTest" classname="Innochannel.Sdk.Tests.Unit.Services.PropertyServiceTest" assertions="1" time="0.000097"/>
    <testcase name="testListRoomsSuccess" file="E:\CodifyTech\Innochannel\sdk\implementations\php\tests\Unit\Services\PropertyServiceTest.php" line="359" class="Innochannel\Sdk\Tests\Unit\Services\PropertyServiceTest" classname="Innochannel.Sdk.Tests.Unit.Services.PropertyServiceTest" assertions="4" time="0.000140"/>
    <testcase name="testListRoomsWithFilters" file="E:\CodifyTech\Innochannel\sdk\implementations\php\tests\Unit\Services\PropertyServiceTest.php" line="380" class="Innochannel\Sdk\Tests\Unit\Services\PropertyServiceTest" classname="Innochannel.Sdk.Tests.Unit.Services.PropertyServiceTest" assertions="4" time="0.000130"/>
    <testcase name="testGetRoomSuccess" file="E:\CodifyTech\Innochannel\sdk\implementations\php\tests\Unit\Services\PropertyServiceTest.php" line="402" class="Innochannel\Sdk\Tests\Unit\Services\PropertyServiceTest" classname="Innochannel.Sdk.Tests.Unit.Services.PropertyServiceTest" assertions="2" time="0.000117"/>
    <testcase name="testUpdateRoomSuccess" file="E:\CodifyTech\Innochannel\sdk\implementations\php\tests\Unit\Services\PropertyServiceTest.php" line="419" class="Innochannel\Sdk\Tests\Unit\Services\PropertyServiceTest" classname="Innochannel.Sdk.Tests.Unit.Services.PropertyServiceTest" assertions="2" time="0.000371"/>
    <testcase name="testDeleteRoomSuccess" file="E:\CodifyTech\Innochannel\sdk\implementations\php\tests\Unit\Services\PropertyServiceTest.php" line="441" class="Innochannel\Sdk\Tests\Unit\Services\PropertyServiceTest" classname="Innochannel.Sdk.Tests.Unit.Services.PropertyServiceTest" assertions="1" time="0.000301"/>
    <testcase name="testCreateRatePlanSuccess" file="E:\CodifyTech\Innochannel\sdk\implementations\php\tests\Unit\Services\PropertyServiceTest.php" line="455" class="Innochannel\Sdk\Tests\Unit\Services\PropertyServiceTest" classname="Innochannel.Sdk.Tests.Unit.Services.PropertyServiceTest" assertions="3" time="0.001846"/>
    <testcase name="testCreateRatePlanValidationFailure" file="E:\CodifyTech\Innochannel\sdk\implementations\php\tests\Unit\Services\PropertyServiceTest.php" line="493" class="Innochannel\Sdk\Tests\Unit\Services\PropertyServiceTest" classname="Innochannel.Sdk.Tests.Unit.Services.PropertyServiceTest" assertions="1" time="0.000119"/>
    <testcase name="testListRatePlansSuccess" file="E:\CodifyTech\Innochannel\sdk\implementations\php\tests\Unit\Services\PropertyServiceTest.php" line="520" class="Innochannel\Sdk\Tests\Unit\Services\PropertyServiceTest" classname="Innochannel.Sdk.Tests.Unit.Services.PropertyServiceTest" assertions="4" time="0.000179"/>
    <testcase name="testGetRatePlanSuccess" file="E:\CodifyTech\Innochannel\sdk\implementations\php\tests\Unit\Services\PropertyServiceTest.php" line="541" class="Innochannel\Sdk\Tests\Unit\Services\PropertyServiceTest" classname="Innochannel.Sdk.Tests.Unit.Services.PropertyServiceTest" assertions="3" time="0.000158"/>
    <testcase name="testUpdateRatePlanSuccess" file="E:\CodifyTech\Innochannel\sdk\implementations\php\tests\Unit\Services\PropertyServiceTest.php" line="559" class="Innochannel\Sdk\Tests\Unit\Services\PropertyServiceTest" classname="Innochannel.Sdk.Tests.Unit.Services.PropertyServiceTest" assertions="3" time="0.000163"/>
    <testcase name="testDeleteRatePlanSuccess" file="E:\CodifyTech\Innochannel\sdk\implementations\php\tests\Unit\Services\PropertyServiceTest.php" line="583" class="Innochannel\Sdk\Tests\Unit\Services\PropertyServiceTest" classname="Innochannel.Sdk.Tests.Unit.Services.PropertyServiceTest" assertions="1" time="0.000103"/>
    <testcase name="testTestPmsConnectionSuccess" file="E:\CodifyTech\Innochannel\sdk\implementations\php\tests\Unit\Services\PropertyServiceTest.php" line="597" class="Innochannel\Sdk\Tests\Unit\Services\PropertyServiceTest" classname="Innochannel.Sdk.Tests.Unit.Services.PropertyServiceTest" assertions="1" time="0.000116"/>
    <testcase name="testSyncWithPmsSuccess" file="E:\CodifyTech\Innochannel\sdk\implementations\php\tests\Unit\Services\PropertyServiceTest.php" line="623" class="Innochannel\Sdk\Tests\Unit\Services\PropertyServiceTest" classname="Innochannel.Sdk.Tests.Unit.Services.PropertyServiceTest" assertions="1" time="0.000136"/>
  </testsuite>
</testsuites>
