<?xml version="1.0" encoding="UTF-8"?>
<testsuites>
  <testsuite name="E:\CodifyTech\Innochannel\sdk\implementations\php\phpunit.xml" tests="98" assertions="139" errors="31" failures="0" skipped="0" time="0.030900">
    <testsuite name="Unit" tests="98" assertions="139" errors="31" failures="0" skipped="0" time="0.030900">
      <testsuite name="Innochannel\Sdk\Tests\Unit\ClientTest" file="E:\CodifyTech\Innochannel\sdk\implementations\php\tests\Unit\ClientTest.php" tests="28" assertions="0" errors="28" failures="0" skipped="0" time="0.000000">
        <testcase name="testConstructorWithDefaultHttpClient" file="E:\CodifyTech\Innochannel\sdk\implementations\php\tests\Unit\ClientTest.php" line="62" class="Innochannel\Sdk\Tests\Unit\ClientTest" classname="Innochannel.Sdk.Tests.Unit.ClientTest" assertions="0" time="0.000000">
          <error type="Innochannel\Sdk\Exceptions\ValidationException">Innochannel\Sdk\Tests\Unit\ClientTest::testConstructorWithDefaultHttpClient&#13;
Innochannel\Sdk\Exceptions\ValidationException: API key is required
&#13;
E:\CodifyTech\Innochannel\sdk\implementations\php\src\Client.php:1164
E:\CodifyTech\Innochannel\sdk\implementations\php\src\Client.php:62
E:\CodifyTech\Innochannel\sdk\implementations\php\tests\Unit\ClientTest.php:52</error>
        </testcase>
        <testcase name="testConstructorWithCustomHttpClient" file="E:\CodifyTech\Innochannel\sdk\implementations\php\tests\Unit\ClientTest.php" line="68" class="Innochannel\Sdk\Tests\Unit\ClientTest" classname="Innochannel.Sdk.Tests.Unit.ClientTest" assertions="0" time="0.000000">
          <error type="Innochannel\Sdk\Exceptions\ValidationException">Innochannel\Sdk\Tests\Unit\ClientTest::testConstructorWithCustomHttpClient&#13;
Innochannel\Sdk\Exceptions\ValidationException: API key is required
&#13;
E:\CodifyTech\Innochannel\sdk\implementations\php\src\Client.php:1164
E:\CodifyTech\Innochannel\sdk\implementations\php\src\Client.php:62
E:\CodifyTech\Innochannel\sdk\implementations\php\tests\Unit\ClientTest.php:52</error>
        </testcase>
        <testcase name="testGetRequestSuccess" file="E:\CodifyTech\Innochannel\sdk\implementations\php\tests\Unit\ClientTest.php" line="75" class="Innochannel\Sdk\Tests\Unit\ClientTest" classname="Innochannel.Sdk.Tests.Unit.ClientTest" assertions="0" time="0.000000">
          <error type="Innochannel\Sdk\Exceptions\ValidationException">Innochannel\Sdk\Tests\Unit\ClientTest::testGetRequestSuccess&#13;
Innochannel\Sdk\Exceptions\ValidationException: API key is required
&#13;
E:\CodifyTech\Innochannel\sdk\implementations\php\src\Client.php:1164
E:\CodifyTech\Innochannel\sdk\implementations\php\src\Client.php:62
E:\CodifyTech\Innochannel\sdk\implementations\php\tests\Unit\ClientTest.php:52</error>
        </testcase>
        <testcase name="testGetRequestWithQueryParameters" file="E:\CodifyTech\Innochannel\sdk\implementations\php\tests\Unit\ClientTest.php" line="87" class="Innochannel\Sdk\Tests\Unit\ClientTest" classname="Innochannel.Sdk.Tests.Unit.ClientTest" assertions="0" time="0.000000">
          <error type="Innochannel\Sdk\Exceptions\ValidationException">Innochannel\Sdk\Tests\Unit\ClientTest::testGetRequestWithQueryParameters&#13;
Innochannel\Sdk\Exceptions\ValidationException: API key is required
&#13;
E:\CodifyTech\Innochannel\sdk\implementations\php\src\Client.php:1164
E:\CodifyTech\Innochannel\sdk\implementations\php\src\Client.php:62
E:\CodifyTech\Innochannel\sdk\implementations\php\tests\Unit\ClientTest.php:52</error>
        </testcase>
        <testcase name="testPostRequestSuccess" file="E:\CodifyTech\Innochannel\sdk\implementations\php\tests\Unit\ClientTest.php" line="100" class="Innochannel\Sdk\Tests\Unit\ClientTest" classname="Innochannel.Sdk.Tests.Unit.ClientTest" assertions="0" time="0.000000">
          <error type="Innochannel\Sdk\Exceptions\ValidationException">Innochannel\Sdk\Tests\Unit\ClientTest::testPostRequestSuccess&#13;
Innochannel\Sdk\Exceptions\ValidationException: API key is required
&#13;
E:\CodifyTech\Innochannel\sdk\implementations\php\src\Client.php:1164
E:\CodifyTech\Innochannel\sdk\implementations\php\src\Client.php:62
E:\CodifyTech\Innochannel\sdk\implementations\php\tests\Unit\ClientTest.php:52</error>
        </testcase>
        <testcase name="testPutRequestSuccess" file="E:\CodifyTech\Innochannel\sdk\implementations\php\tests\Unit\ClientTest.php" line="114" class="Innochannel\Sdk\Tests\Unit\ClientTest" classname="Innochannel.Sdk.Tests.Unit.ClientTest" assertions="0" time="0.000000">
          <error type="Innochannel\Sdk\Exceptions\ValidationException">Innochannel\Sdk\Tests\Unit\ClientTest::testPutRequestSuccess&#13;
Innochannel\Sdk\Exceptions\ValidationException: API key is required
&#13;
E:\CodifyTech\Innochannel\sdk\implementations\php\src\Client.php:1164
E:\CodifyTech\Innochannel\sdk\implementations\php\src\Client.php:62
E:\CodifyTech\Innochannel\sdk\implementations\php\tests\Unit\ClientTest.php:52</error>
        </testcase>
        <testcase name="testPatchRequestSuccess" file="E:\CodifyTech\Innochannel\sdk\implementations\php\tests\Unit\ClientTest.php" line="128" class="Innochannel\Sdk\Tests\Unit\ClientTest" classname="Innochannel.Sdk.Tests.Unit.ClientTest" assertions="0" time="0.000000">
          <error type="Innochannel\Sdk\Exceptions\ValidationException">Innochannel\Sdk\Tests\Unit\ClientTest::testPatchRequestSuccess&#13;
Innochannel\Sdk\Exceptions\ValidationException: API key is required
&#13;
E:\CodifyTech\Innochannel\sdk\implementations\php\src\Client.php:1164
E:\CodifyTech\Innochannel\sdk\implementations\php\src\Client.php:62
E:\CodifyTech\Innochannel\sdk\implementations\php\tests\Unit\ClientTest.php:52</error>
        </testcase>
        <testcase name="testDeleteRequestSuccess" file="E:\CodifyTech\Innochannel\sdk\implementations\php\tests\Unit\ClientTest.php" line="142" class="Innochannel\Sdk\Tests\Unit\ClientTest" classname="Innochannel.Sdk.Tests.Unit.ClientTest" assertions="0" time="0.000000">
          <error type="Innochannel\Sdk\Exceptions\ValidationException">Innochannel\Sdk\Tests\Unit\ClientTest::testDeleteRequestSuccess&#13;
Innochannel\Sdk\Exceptions\ValidationException: API key is required
&#13;
E:\CodifyTech\Innochannel\sdk\implementations\php\src\Client.php:1164
E:\CodifyTech\Innochannel\sdk\implementations\php\src\Client.php:62
E:\CodifyTech\Innochannel\sdk\implementations\php\tests\Unit\ClientTest.php:52</error>
        </testcase>
        <testcase name="testDeleteRequestWithContent" file="E:\CodifyTech\Innochannel\sdk\implementations\php\tests\Unit\ClientTest.php" line="151" class="Innochannel\Sdk\Tests\Unit\ClientTest" classname="Innochannel.Sdk.Tests.Unit.ClientTest" assertions="0" time="0.000000">
          <error type="Innochannel\Sdk\Exceptions\ValidationException">Innochannel\Sdk\Tests\Unit\ClientTest::testDeleteRequestWithContent&#13;
Innochannel\Sdk\Exceptions\ValidationException: API key is required
&#13;
E:\CodifyTech\Innochannel\sdk\implementations\php\src\Client.php:1164
E:\CodifyTech\Innochannel\sdk\implementations\php\src\Client.php:62
E:\CodifyTech\Innochannel\sdk\implementations\php\tests\Unit\ClientTest.php:52</error>
        </testcase>
        <testcase name="testAuthenticationExceptionOn401" file="E:\CodifyTech\Innochannel\sdk\implementations\php\tests\Unit\ClientTest.php" line="163" class="Innochannel\Sdk\Tests\Unit\ClientTest" classname="Innochannel.Sdk.Tests.Unit.ClientTest" assertions="0" time="0.000000">
          <error type="Innochannel\Sdk\Exceptions\ValidationException">Innochannel\Sdk\Tests\Unit\ClientTest::testAuthenticationExceptionOn401&#13;
Innochannel\Sdk\Exceptions\ValidationException: API key is required
&#13;
E:\CodifyTech\Innochannel\sdk\implementations\php\src\Client.php:1164
E:\CodifyTech\Innochannel\sdk\implementations\php\src\Client.php:62
E:\CodifyTech\Innochannel\sdk\implementations\php\tests\Unit\ClientTest.php:52</error>
        </testcase>
        <testcase name="testValidationExceptionOn400" file="E:\CodifyTech\Innochannel\sdk\implementations\php\tests\Unit\ClientTest.php" line="175" class="Innochannel\Sdk\Tests\Unit\ClientTest" classname="Innochannel.Sdk.Tests.Unit.ClientTest" assertions="0" time="0.000000">
          <error type="Innochannel\Sdk\Exceptions\ValidationException">Innochannel\Sdk\Tests\Unit\ClientTest::testValidationExceptionOn400&#13;
Innochannel\Sdk\Exceptions\ValidationException: API key is required
&#13;
E:\CodifyTech\Innochannel\sdk\implementations\php\src\Client.php:1164
E:\CodifyTech\Innochannel\sdk\implementations\php\src\Client.php:62
E:\CodifyTech\Innochannel\sdk\implementations\php\tests\Unit\ClientTest.php:52</error>
        </testcase>
        <testcase name="testNotFoundExceptionOn404" file="E:\CodifyTech\Innochannel\sdk\implementations\php\tests\Unit\ClientTest.php" line="195" class="Innochannel\Sdk\Tests\Unit\ClientTest" classname="Innochannel.Sdk.Tests.Unit.ClientTest" assertions="0" time="0.000000">
          <error type="Innochannel\Sdk\Exceptions\ValidationException">Innochannel\Sdk\Tests\Unit\ClientTest::testNotFoundExceptionOn404&#13;
Innochannel\Sdk\Exceptions\ValidationException: API key is required
&#13;
E:\CodifyTech\Innochannel\sdk\implementations\php\src\Client.php:1164
E:\CodifyTech\Innochannel\sdk\implementations\php\src\Client.php:62
E:\CodifyTech\Innochannel\sdk\implementations\php\tests\Unit\ClientTest.php:52</error>
        </testcase>
        <testcase name="testRateLimitExceptionOn429" file="E:\CodifyTech\Innochannel\sdk\implementations\php\tests\Unit\ClientTest.php" line="207" class="Innochannel\Sdk\Tests\Unit\ClientTest" classname="Innochannel.Sdk.Tests.Unit.ClientTest" assertions="0" time="0.000000">
          <error type="Innochannel\Sdk\Exceptions\ValidationException">Innochannel\Sdk\Tests\Unit\ClientTest::testRateLimitExceptionOn429&#13;
Innochannel\Sdk\Exceptions\ValidationException: API key is required
&#13;
E:\CodifyTech\Innochannel\sdk\implementations\php\src\Client.php:1164
E:\CodifyTech\Innochannel\sdk\implementations\php\src\Client.php:62
E:\CodifyTech\Innochannel\sdk\implementations\php\tests\Unit\ClientTest.php:52</error>
        </testcase>
        <testcase name="testGenericInnochannelExceptionOn500" file="E:\CodifyTech\Innochannel\sdk\implementations\php\tests\Unit\ClientTest.php" line="223" class="Innochannel\Sdk\Tests\Unit\ClientTest" classname="Innochannel.Sdk.Tests.Unit.ClientTest" assertions="0" time="0.000000">
          <error type="Innochannel\Sdk\Exceptions\ValidationException">Innochannel\Sdk\Tests\Unit\ClientTest::testGenericInnochannelExceptionOn500&#13;
Innochannel\Sdk\Exceptions\ValidationException: API key is required
&#13;
E:\CodifyTech\Innochannel\sdk\implementations\php\src\Client.php:1164
E:\CodifyTech\Innochannel\sdk\implementations\php\src\Client.php:62
E:\CodifyTech\Innochannel\sdk\implementations\php\tests\Unit\ClientTest.php:52</error>
        </testcase>
        <testcase name="testNetworkException" file="E:\CodifyTech\Innochannel\sdk\implementations\php\tests\Unit\ClientTest.php" line="235" class="Innochannel\Sdk\Tests\Unit\ClientTest" classname="Innochannel.Sdk.Tests.Unit.ClientTest" assertions="0" time="0.000000">
          <error type="Innochannel\Sdk\Exceptions\ValidationException">Innochannel\Sdk\Tests\Unit\ClientTest::testNetworkException&#13;
Innochannel\Sdk\Exceptions\ValidationException: API key is required
&#13;
E:\CodifyTech\Innochannel\sdk\implementations\php\src\Client.php:1164
E:\CodifyTech\Innochannel\sdk\implementations\php\src\Client.php:62
E:\CodifyTech\Innochannel\sdk\implementations\php\tests\Unit\ClientTest.php:52</error>
        </testcase>
        <testcase name="testInvalidJsonResponse" file="E:\CodifyTech\Innochannel\sdk\implementations\php\tests\Unit\ClientTest.php" line="247" class="Innochannel\Sdk\Tests\Unit\ClientTest" classname="Innochannel.Sdk.Tests.Unit.ClientTest" assertions="0" time="0.000000">
          <error type="Innochannel\Sdk\Exceptions\ValidationException">Innochannel\Sdk\Tests\Unit\ClientTest::testInvalidJsonResponse&#13;
Innochannel\Sdk\Exceptions\ValidationException: API key is required
&#13;
E:\CodifyTech\Innochannel\sdk\implementations\php\src\Client.php:1164
E:\CodifyTech\Innochannel\sdk\implementations\php\src\Client.php:62
E:\CodifyTech\Innochannel\sdk\implementations\php\tests\Unit\ClientTest.php:52</error>
        </testcase>
        <testcase name="testEmptyResponseBody" file="E:\CodifyTech\Innochannel\sdk\implementations\php\tests\Unit\ClientTest.php" line="259" class="Innochannel\Sdk\Tests\Unit\ClientTest" classname="Innochannel.Sdk.Tests.Unit.ClientTest" assertions="0" time="0.000000">
          <error type="Innochannel\Sdk\Exceptions\ValidationException">Innochannel\Sdk\Tests\Unit\ClientTest::testEmptyResponseBody&#13;
Innochannel\Sdk\Exceptions\ValidationException: API key is required
&#13;
E:\CodifyTech\Innochannel\sdk\implementations\php\src\Client.php:1164
E:\CodifyTech\Innochannel\sdk\implementations\php\src\Client.php:62
E:\CodifyTech\Innochannel\sdk\implementations\php\tests\Unit\ClientTest.php:52</error>
        </testcase>
        <testcase name="testCustomHeaders" file="E:\CodifyTech\Innochannel\sdk\implementations\php\tests\Unit\ClientTest.php" line="268" class="Innochannel\Sdk\Tests\Unit\ClientTest" classname="Innochannel.Sdk.Tests.Unit.ClientTest" assertions="0" time="0.000000">
          <error type="Innochannel\Sdk\Exceptions\ValidationException">Innochannel\Sdk\Tests\Unit\ClientTest::testCustomHeaders&#13;
Innochannel\Sdk\Exceptions\ValidationException: API key is required
&#13;
E:\CodifyTech\Innochannel\sdk\implementations\php\src\Client.php:1164
E:\CodifyTech\Innochannel\sdk\implementations\php\src\Client.php:62
E:\CodifyTech\Innochannel\sdk\implementations\php\tests\Unit\ClientTest.php:52</error>
        </testcase>
        <testcase name="testApiKeyAuthentication" file="E:\CodifyTech\Innochannel\sdk\implementations\php\tests\Unit\ClientTest.php" line="280" class="Innochannel\Sdk\Tests\Unit\ClientTest" classname="Innochannel.Sdk.Tests.Unit.ClientTest" assertions="0" time="0.000000">
          <error type="Innochannel\Sdk\Exceptions\ValidationException">Innochannel\Sdk\Tests\Unit\ClientTest::testApiKeyAuthentication&#13;
Innochannel\Sdk\Exceptions\ValidationException: API key is required
&#13;
E:\CodifyTech\Innochannel\sdk\implementations\php\src\Client.php:1164
E:\CodifyTech\Innochannel\sdk\implementations\php\src\Client.php:62
E:\CodifyTech\Innochannel\sdk\implementations\php\tests\Unit\ClientTest.php:52</error>
        </testcase>
        <testcase name="testRetryMechanism" file="E:\CodifyTech\Innochannel\sdk\implementations\php\tests\Unit\ClientTest.php" line="297" class="Innochannel\Sdk\Tests\Unit\ClientTest" classname="Innochannel.Sdk.Tests.Unit.ClientTest" assertions="0" time="0.000000">
          <error type="Innochannel\Sdk\Exceptions\ValidationException">Innochannel\Sdk\Tests\Unit\ClientTest::testRetryMechanism&#13;
Innochannel\Sdk\Exceptions\ValidationException: API key is required
&#13;
E:\CodifyTech\Innochannel\sdk\implementations\php\src\Client.php:1164
E:\CodifyTech\Innochannel\sdk\implementations\php\src\Client.php:62
E:\CodifyTech\Innochannel\sdk\implementations\php\tests\Unit\ClientTest.php:52</error>
        </testcase>
        <testcase name="testTimeoutConfiguration" file="E:\CodifyTech\Innochannel\sdk\implementations\php\tests\Unit\ClientTest.php" line="321" class="Innochannel\Sdk\Tests\Unit\ClientTest" classname="Innochannel.Sdk.Tests.Unit.ClientTest" assertions="0" time="0.000000">
          <error type="Innochannel\Sdk\Exceptions\ValidationException">Innochannel\Sdk\Tests\Unit\ClientTest::testTimeoutConfiguration&#13;
Innochannel\Sdk\Exceptions\ValidationException: API key is required
&#13;
E:\CodifyTech\Innochannel\sdk\implementations\php\src\Client.php:1164
E:\CodifyTech\Innochannel\sdk\implementations\php\src\Client.php:62
E:\CodifyTech\Innochannel\sdk\implementations\php\tests\Unit\ClientTest.php:52</error>
        </testcase>
        <testcase name="testDebugMode" file="E:\CodifyTech\Innochannel\sdk\implementations\php\tests\Unit\ClientTest.php" line="340" class="Innochannel\Sdk\Tests\Unit\ClientTest" classname="Innochannel.Sdk.Tests.Unit.ClientTest" assertions="0" time="0.000000">
          <error type="Innochannel\Sdk\Exceptions\ValidationException">Innochannel\Sdk\Tests\Unit\ClientTest::testDebugMode&#13;
Innochannel\Sdk\Exceptions\ValidationException: API key is required
&#13;
E:\CodifyTech\Innochannel\sdk\implementations\php\src\Client.php:1164
E:\CodifyTech\Innochannel\sdk\implementations\php\src\Client.php:62
E:\CodifyTech\Innochannel\sdk\implementations\php\tests\Unit\ClientTest.php:52</error>
        </testcase>
        <testcase name="testUserAgentHeader" file="E:\CodifyTech\Innochannel\sdk\implementations\php\tests\Unit\ClientTest.php" line="358" class="Innochannel\Sdk\Tests\Unit\ClientTest" classname="Innochannel.Sdk.Tests.Unit.ClientTest" assertions="0" time="0.000000">
          <error type="Innochannel\Sdk\Exceptions\ValidationException">Innochannel\Sdk\Tests\Unit\ClientTest::testUserAgentHeader&#13;
Innochannel\Sdk\Exceptions\ValidationException: API key is required
&#13;
E:\CodifyTech\Innochannel\sdk\implementations\php\src\Client.php:1164
E:\CodifyTech\Innochannel\sdk\implementations\php\src\Client.php:62
E:\CodifyTech\Innochannel\sdk\implementations\php\tests\Unit\ClientTest.php:52</error>
        </testcase>
        <testcase name="testContentTypeHeader" file="E:\CodifyTech\Innochannel\sdk\implementations\php\tests\Unit\ClientTest.php" line="371" class="Innochannel\Sdk\Tests\Unit\ClientTest" classname="Innochannel.Sdk.Tests.Unit.ClientTest" assertions="0" time="0.000000">
          <error type="Innochannel\Sdk\Exceptions\ValidationException">Innochannel\Sdk\Tests\Unit\ClientTest::testContentTypeHeader&#13;
Innochannel\Sdk\Exceptions\ValidationException: API key is required
&#13;
E:\CodifyTech\Innochannel\sdk\implementations\php\src\Client.php:1164
E:\CodifyTech\Innochannel\sdk\implementations\php\src\Client.php:62
E:\CodifyTech\Innochannel\sdk\implementations\php\tests\Unit\ClientTest.php:52</error>
        </testcase>
        <testcase name="testAcceptHeader" file="E:\CodifyTech\Innochannel\sdk\implementations\php\tests\Unit\ClientTest.php" line="383" class="Innochannel\Sdk\Tests\Unit\ClientTest" classname="Innochannel.Sdk.Tests.Unit.ClientTest" assertions="0" time="0.000000">
          <error type="Innochannel\Sdk\Exceptions\ValidationException">Innochannel\Sdk\Tests\Unit\ClientTest::testAcceptHeader&#13;
Innochannel\Sdk\Exceptions\ValidationException: API key is required
&#13;
E:\CodifyTech\Innochannel\sdk\implementations\php\src\Client.php:1164
E:\CodifyTech\Innochannel\sdk\implementations\php\src\Client.php:62
E:\CodifyTech\Innochannel\sdk\implementations\php\tests\Unit\ClientTest.php:52</error>
        </testcase>
        <testcase name="testAuthorizationHeader" file="E:\CodifyTech\Innochannel\sdk\implementations\php\tests\Unit\ClientTest.php" line="395" class="Innochannel\Sdk\Tests\Unit\ClientTest" classname="Innochannel.Sdk.Tests.Unit.ClientTest" assertions="0" time="0.000000">
          <error type="Innochannel\Sdk\Exceptions\ValidationException">Innochannel\Sdk\Tests\Unit\ClientTest::testAuthorizationHeader&#13;
Innochannel\Sdk\Exceptions\ValidationException: API key is required
&#13;
E:\CodifyTech\Innochannel\sdk\implementations\php\src\Client.php:1164
E:\CodifyTech\Innochannel\sdk\implementations\php\src\Client.php:62
E:\CodifyTech\Innochannel\sdk\implementations\php\tests\Unit\ClientTest.php:52</error>
        </testcase>
        <testcase name="testApiKeyAndSecretHeaders" file="E:\CodifyTech\Innochannel\sdk\implementations\php\tests\Unit\ClientTest.php" line="409" class="Innochannel\Sdk\Tests\Unit\ClientTest" classname="Innochannel.Sdk.Tests.Unit.ClientTest" assertions="0" time="0.000000">
          <error type="Innochannel\Sdk\Exceptions\ValidationException">Innochannel\Sdk\Tests\Unit\ClientTest::testApiKeyAndSecretHeaders&#13;
Innochannel\Sdk\Exceptions\ValidationException: API key is required
&#13;
E:\CodifyTech\Innochannel\sdk\implementations\php\src\Client.php:1164
E:\CodifyTech\Innochannel\sdk\implementations\php\src\Client.php:62
E:\CodifyTech\Innochannel\sdk\implementations\php\tests\Unit\ClientTest.php:52</error>
        </testcase>
        <testcase name="testAuthenticationWithoutApiSecret" file="E:\CodifyTech\Innochannel\sdk\implementations\php\tests\Unit\ClientTest.php" line="428" class="Innochannel\Sdk\Tests\Unit\ClientTest" classname="Innochannel.Sdk.Tests.Unit.ClientTest" assertions="0" time="0.000000">
          <error type="Innochannel\Sdk\Exceptions\ValidationException">Innochannel\Sdk\Tests\Unit\ClientTest::testAuthenticationWithoutApiSecret&#13;
Innochannel\Sdk\Exceptions\ValidationException: API key is required
&#13;
E:\CodifyTech\Innochannel\sdk\implementations\php\src\Client.php:1164
E:\CodifyTech\Innochannel\sdk\implementations\php\src\Client.php:62
E:\CodifyTech\Innochannel\sdk\implementations\php\tests\Unit\ClientTest.php:52</error>
        </testcase>
      </testsuite>
      <testsuite name="Tests\Unit\ClientTestConnectionTest" file="E:\CodifyTech\Innochannel\sdk\implementations\php\tests\Unit\ClientTestConnectionTest.php" tests="3" assertions="0" errors="3" failures="0" skipped="0" time="0.010485">
        <testcase name="testTestConnectionMethodExists" file="E:\CodifyTech\Innochannel\sdk\implementations\php\tests\Unit\ClientTestConnectionTest.php" line="18" class="Tests\Unit\ClientTestConnectionTest" classname="Tests.Unit.ClientTestConnectionTest" assertions="0" time="0.000190">
          <error type="Innochannel\Sdk\Exceptions\ValidationException">Tests\Unit\ClientTestConnectionTest::testTestConnectionMethodExists&#13;
Innochannel\Sdk\Exceptions\ValidationException: API key is required
&#13;
E:\CodifyTech\Innochannel\sdk\implementations\php\src\Client.php:1164
E:\CodifyTech\Innochannel\sdk\implementations\php\src\Client.php:62
E:\CodifyTech\Innochannel\sdk\implementations\php\tests\Unit\ClientTestConnectionTest.php:26</error>
        </testcase>
        <testcase name="testTestConnectionCallsPropertyService" file="E:\CodifyTech\Innochannel\sdk\implementations\php\tests\Unit\ClientTestConnectionTest.php" line="31" class="Tests\Unit\ClientTestConnectionTest" classname="Tests.Unit.ClientTestConnectionTest" assertions="0" time="0.009903">
          <error type="Innochannel\Sdk\Exceptions\ValidationException">Tests\Unit\ClientTestConnectionTest::testTestConnectionCallsPropertyService&#13;
Innochannel\Sdk\Exceptions\ValidationException: API key is required
&#13;
E:\CodifyTech\Innochannel\sdk\implementations\php\src\Client.php:1164
E:\CodifyTech\Innochannel\sdk\implementations\php\src\Client.php:62
E:\CodifyTech\Innochannel\sdk\implementations\php\vendor\mockery\mockery\library\Mockery\Container.php:637
E:\CodifyTech\Innochannel\sdk\implementations\php\vendor\mockery\mockery\library\Mockery\Container.php:407
E:\CodifyTech\Innochannel\sdk\implementations\php\vendor\mockery\mockery\library\Mockery.php:477
E:\CodifyTech\Innochannel\sdk\implementations\php\tests\Unit\ClientTestConnectionTest.php:47</error>
        </testcase>
        <testcase name="testTestConnectionWithoutData" file="E:\CodifyTech\Innochannel\sdk\implementations\php\tests\Unit\ClientTestConnectionTest.php" line="57" class="Tests\Unit\ClientTestConnectionTest" classname="Tests.Unit.ClientTestConnectionTest" assertions="0" time="0.000391">
          <error type="Innochannel\Sdk\Exceptions\ValidationException">Tests\Unit\ClientTestConnectionTest::testTestConnectionWithoutData&#13;
Innochannel\Sdk\Exceptions\ValidationException: API key is required
&#13;
E:\CodifyTech\Innochannel\sdk\implementations\php\src\Client.php:1164
E:\CodifyTech\Innochannel\sdk\implementations\php\src\Client.php:62
E:\CodifyTech\Innochannel\sdk\implementations\php\vendor\mockery\mockery\library\Mockery\Container.php:637
E:\CodifyTech\Innochannel\sdk\implementations\php\vendor\mockery\mockery\library\Mockery\Container.php:407
E:\CodifyTech\Innochannel\sdk\implementations\php\vendor\mockery\mockery\library\Mockery.php:477
E:\CodifyTech\Innochannel\sdk\implementations\php\tests\Unit\ClientTestConnectionTest.php:73</error>
        </testcase>
      </testsuite>
      <testsuite name="Tests\Unit\Events\EventManagerTest" file="E:\CodifyTech\Innochannel\sdk\implementations\php\tests\Unit\Events\EventManagerTest.php" tests="9" assertions="11" errors="0" failures="0" skipped="0" time="0.007395">
        <testcase name="testSingletonInstance" file="E:\CodifyTech\Innochannel\sdk\implementations\php\tests\Unit\Events\EventManagerTest.php" line="31" class="Tests\Unit\Events\EventManagerTest" classname="Tests.Unit.Events.EventManagerTest" assertions="1" time="0.001367"/>
        <testcase name="testAddListener" file="E:\CodifyTech\Innochannel\sdk\implementations\php\tests\Unit\Events\EventManagerTest.php" line="39" class="Tests\Unit\Events\EventManagerTest" classname="Tests.Unit.Events.EventManagerTest" assertions="1" time="0.005055"/>
        <testcase name="testRemoveListener" file="E:\CodifyTech\Innochannel\sdk\implementations\php\tests\Unit\Events\EventManagerTest.php" line="54" class="Tests\Unit\Events\EventManagerTest" classname="Tests.Unit.Events.EventManagerTest" assertions="1" time="0.000229"/>
        <testcase name="testClearListeners" file="E:\CodifyTech\Innochannel\sdk\implementations\php\tests\Unit\Events\EventManagerTest.php" line="70" class="Tests\Unit\Events\EventManagerTest" classname="Tests.Unit.Events.EventManagerTest" assertions="1" time="0.000099"/>
        <testcase name="testDisableEvents" file="E:\CodifyTech\Innochannel\sdk\implementations\php\tests\Unit\Events\EventManagerTest.php" line="86" class="Tests\Unit\Events\EventManagerTest" classname="Tests.Unit.Events.EventManagerTest" assertions="1" time="0.000078"/>
        <testcase name="testEnableEvents" file="E:\CodifyTech\Innochannel\sdk\implementations\php\tests\Unit\Events\EventManagerTest.php" line="102" class="Tests\Unit\Events\EventManagerTest" classname="Tests.Unit.Events.EventManagerTest" assertions="1" time="0.000077"/>
        <testcase name="testWithoutEvents" file="E:\CodifyTech\Innochannel\sdk\implementations\php\tests\Unit\Events\EventManagerTest.php" line="119" class="Tests\Unit\Events\EventManagerTest" classname="Tests.Unit.Events.EventManagerTest" assertions="2" time="0.000289"/>
        <testcase name="testMultipleListeners" file="E:\CodifyTech\Innochannel\sdk\implementations\php\tests\Unit\Events\EventManagerTest.php" line="138" class="Tests\Unit\Events\EventManagerTest" classname="Tests.Unit.Events.EventManagerTest" assertions="2" time="0.000102"/>
        <testcase name="testEventWithData" file="E:\CodifyTech\Innochannel\sdk\implementations\php\tests\Unit\Events\EventManagerTest.php" line="161" class="Tests\Unit\Events\EventManagerTest" classname="Tests.Unit.Events.EventManagerTest" assertions="1" time="0.000099"/>
      </testsuite>
      <testsuite name="Tests\Unit\Models\ReservationTest" file="E:\CodifyTech\Innochannel\sdk\implementations\php\tests\Unit\Models\ReservationTest.php" tests="12" assertions="34" errors="0" failures="0" skipped="0" time="0.003075">
        <testcase name="testReservationCreation" file="E:\CodifyTech\Innochannel\sdk\implementations\php\tests\Unit\Models\ReservationTest.php" line="51" class="Tests\Unit\Models\ReservationTest" classname="Tests.Unit.Models.ReservationTest" assertions="5" time="0.001060"/>
        <testcase name="testReservationCreatedEvent" file="E:\CodifyTech\Innochannel\sdk\implementations\php\tests\Unit\Models\ReservationTest.php" line="62" class="Tests\Unit\Models\ReservationTest" classname="Tests.Unit.Models.ReservationTest" assertions="1" time="0.000095"/>
        <testcase name="testReservationUpdatedEvent" file="E:\CodifyTech\Innochannel\sdk\implementations\php\tests\Unit\Models\ReservationTest.php" line="74" class="Tests\Unit\Models\ReservationTest" classname="Tests.Unit.Models.ReservationTest" assertions="2" time="0.000088"/>
        <testcase name="testReservationStatusEvents" file="E:\CodifyTech\Innochannel\sdk\implementations\php\tests\Unit\Models\ReservationTest.php" line="89" class="Tests\Unit\Models\ReservationTest" classname="Tests.Unit.Models.ReservationTest" assertions="2" time="0.000297"/>
        <testcase name="testReservationDeletedEvent" file="E:\CodifyTech\Innochannel\sdk\implementations\php\tests\Unit\Models\ReservationTest.php" line="110" class="Tests\Unit\Models\ReservationTest" classname="Tests.Unit.Models.ReservationTest" assertions="1" time="0.000192"/>
        <testcase name="testToArray" file="E:\CodifyTech\Innochannel\sdk\implementations\php\tests\Unit\Models\ReservationTest.php" line="124" class="Tests\Unit\Models\ReservationTest" classname="Tests.Unit.Models.ReservationTest" assertions="3" time="0.000319"/>
        <testcase name="testFromArray" file="E:\CodifyTech\Innochannel\sdk\implementations\php\tests\Unit\Models\ReservationTest.php" line="134" class="Tests\Unit\Models\ReservationTest" classname="Tests.Unit.Models.ReservationTest" assertions="3" time="0.000228"/>
        <testcase name="testFillFromArray" file="E:\CodifyTech\Innochannel\sdk\implementations\php\tests\Unit\Models\ReservationTest.php" line="143" class="Tests\Unit\Models\ReservationTest" classname="Tests.Unit.Models.ReservationTest" assertions="3" time="0.000095"/>
        <testcase name="testDisableEvents" file="E:\CodifyTech\Innochannel\sdk\implementations\php\tests\Unit\Models\ReservationTest.php" line="159" class="Tests\Unit\Models\ReservationTest" classname="Tests.Unit.Models.ReservationTest" assertions="2" time="0.000084"/>
        <testcase name="testWithoutEvents" file="E:\CodifyTech\Innochannel\sdk\implementations\php\tests\Unit\Models\ReservationTest.php" line="175" class="Tests\Unit\Models\ReservationTest" classname="Tests.Unit.Models.ReservationTest" assertions="2" time="0.000079"/>
        <testcase name="testDirtyTracking" file="E:\CodifyTech\Innochannel\sdk\implementations\php\tests\Unit\Models\ReservationTest.php" line="192" class="Tests\Unit\Models\ReservationTest" classname="Tests.Unit.Models.ReservationTest" assertions="6" time="0.000447"/>
        <testcase name="testDateConversion" file="E:\CodifyTech\Innochannel\sdk\implementations\php\tests\Unit\Models\ReservationTest.php" line="208" class="Tests\Unit\Models\ReservationTest" classname="Tests.Unit.Models.ReservationTest" assertions="4" time="0.000091"/>
      </testsuite>
      <testsuite name="Innochannel\Sdk\Tests\Unit\Services\PropertyServiceTest" file="E:\CodifyTech\Innochannel\sdk\implementations\php\tests\Unit\Services\PropertyServiceTest.php" tests="24" assertions="51" errors="0" failures="0" skipped="0" time="0.006319">
        <testcase name="testCreatePropertySuccess" file="E:\CodifyTech\Innochannel\sdk\implementations\php\tests\Unit\Services\PropertyServiceTest.php" line="115" class="Innochannel\Sdk\Tests\Unit\Services\PropertyServiceTest" classname="Innochannel.Sdk.Tests.Unit.Services.PropertyServiceTest" assertions="2" time="0.002348"/>
        <testcase name="testCreatePropertyValidationFailure" file="E:\CodifyTech\Innochannel\sdk\implementations\php\tests\Unit\Services\PropertyServiceTest.php" line="149" class="Innochannel\Sdk\Tests\Unit\Services\PropertyServiceTest" classname="Innochannel.Sdk.Tests.Unit.Services.PropertyServiceTest" assertions="1" time="0.000498"/>
        <testcase name="testGetPropertySuccess" file="E:\CodifyTech\Innochannel\sdk\implementations\php\tests\Unit\Services\PropertyServiceTest.php" line="173" class="Innochannel\Sdk\Tests\Unit\Services\PropertyServiceTest" classname="Innochannel.Sdk.Tests.Unit.Services.PropertyServiceTest" assertions="2" time="0.000160"/>
        <testcase name="testGetPropertyNotFound" file="E:\CodifyTech\Innochannel\sdk\implementations\php\tests\Unit\Services\PropertyServiceTest.php" line="190" class="Innochannel\Sdk\Tests\Unit\Services\PropertyServiceTest" classname="Innochannel.Sdk.Tests.Unit.Services.PropertyServiceTest" assertions="1" time="0.000213"/>
        <testcase name="testListPropertiesWithDefaultFilters" file="E:\CodifyTech\Innochannel\sdk\implementations\php\tests\Unit\Services\PropertyServiceTest.php" line="203" class="Innochannel\Sdk\Tests\Unit\Services\PropertyServiceTest" classname="Innochannel.Sdk.Tests.Unit.Services.PropertyServiceTest" assertions="4" time="0.000315"/>
        <testcase name="testListPropertiesWithCustomFilters" file="E:\CodifyTech\Innochannel\sdk\implementations\php\tests\Unit\Services\PropertyServiceTest.php" line="226" class="Innochannel\Sdk\Tests\Unit\Services\PropertyServiceTest" classname="Innochannel.Sdk.Tests.Unit.Services.PropertyServiceTest" assertions="4" time="0.000146"/>
        <testcase name="testUpdatePropertySuccess" file="E:\CodifyTech\Innochannel\sdk\implementations\php\tests\Unit\Services\PropertyServiceTest.php" line="256" class="Innochannel\Sdk\Tests\Unit\Services\PropertyServiceTest" classname="Innochannel.Sdk.Tests.Unit.Services.PropertyServiceTest" assertions="2" time="0.000114"/>
        <testcase name="testUpdatePropertyValidationFailure" file="E:\CodifyTech\Innochannel\sdk\implementations\php\tests\Unit\Services\PropertyServiceTest.php" line="278" class="Innochannel\Sdk\Tests\Unit\Services\PropertyServiceTest" classname="Innochannel.Sdk.Tests.Unit.Services.PropertyServiceTest" assertions="1" time="0.000077"/>
        <testcase name="testDeletePropertySuccess" file="E:\CodifyTech\Innochannel\sdk\implementations\php\tests\Unit\Services\PropertyServiceTest.php" line="292" class="Innochannel\Sdk\Tests\Unit\Services\PropertyServiceTest" classname="Innochannel.Sdk.Tests.Unit.Services.PropertyServiceTest" assertions="1" time="0.000086"/>
        <testcase name="testCreateRoomSuccess" file="E:\CodifyTech\Innochannel\sdk\implementations\php\tests\Unit\Services\PropertyServiceTest.php" line="306" class="Innochannel\Sdk\Tests\Unit\Services\PropertyServiceTest" classname="Innochannel.Sdk.Tests.Unit.Services.PropertyServiceTest" assertions="2" time="0.000365"/>
        <testcase name="testCreateRoomValidationFailure" file="E:\CodifyTech\Innochannel\sdk\implementations\php\tests\Unit\Services\PropertyServiceTest.php" line="337" class="Innochannel\Sdk\Tests\Unit\Services\PropertyServiceTest" classname="Innochannel.Sdk.Tests.Unit.Services.PropertyServiceTest" assertions="1" time="0.000096"/>
        <testcase name="testListRoomsSuccess" file="E:\CodifyTech\Innochannel\sdk\implementations\php\tests\Unit\Services\PropertyServiceTest.php" line="359" class="Innochannel\Sdk\Tests\Unit\Services\PropertyServiceTest" classname="Innochannel.Sdk.Tests.Unit.Services.PropertyServiceTest" assertions="4" time="0.000132"/>
        <testcase name="testListRoomsWithFilters" file="E:\CodifyTech\Innochannel\sdk\implementations\php\tests\Unit\Services\PropertyServiceTest.php" line="380" class="Innochannel\Sdk\Tests\Unit\Services\PropertyServiceTest" classname="Innochannel.Sdk.Tests.Unit.Services.PropertyServiceTest" assertions="4" time="0.000123"/>
        <testcase name="testGetRoomSuccess" file="E:\CodifyTech\Innochannel\sdk\implementations\php\tests\Unit\Services\PropertyServiceTest.php" line="402" class="Innochannel\Sdk\Tests\Unit\Services\PropertyServiceTest" classname="Innochannel.Sdk.Tests.Unit.Services.PropertyServiceTest" assertions="2" time="0.000104"/>
        <testcase name="testUpdateRoomSuccess" file="E:\CodifyTech\Innochannel\sdk\implementations\php\tests\Unit\Services\PropertyServiceTest.php" line="419" class="Innochannel\Sdk\Tests\Unit\Services\PropertyServiceTest" classname="Innochannel.Sdk.Tests.Unit.Services.PropertyServiceTest" assertions="2" time="0.000104"/>
        <testcase name="testDeleteRoomSuccess" file="E:\CodifyTech\Innochannel\sdk\implementations\php\tests\Unit\Services\PropertyServiceTest.php" line="441" class="Innochannel\Sdk\Tests\Unit\Services\PropertyServiceTest" classname="Innochannel.Sdk.Tests.Unit.Services.PropertyServiceTest" assertions="1" time="0.000084"/>
        <testcase name="testCreateRatePlanSuccess" file="E:\CodifyTech\Innochannel\sdk\implementations\php\tests\Unit\Services\PropertyServiceTest.php" line="455" class="Innochannel\Sdk\Tests\Unit\Services\PropertyServiceTest" classname="Innochannel.Sdk.Tests.Unit.Services.PropertyServiceTest" assertions="3" time="0.000628"/>
        <testcase name="testCreateRatePlanValidationFailure" file="E:\CodifyTech\Innochannel\sdk\implementations\php\tests\Unit\Services\PropertyServiceTest.php" line="494" class="Innochannel\Sdk\Tests\Unit\Services\PropertyServiceTest" classname="Innochannel.Sdk.Tests.Unit.Services.PropertyServiceTest" assertions="1" time="0.000093"/>
        <testcase name="testListRatePlansSuccess" file="E:\CodifyTech\Innochannel\sdk\implementations\php\tests\Unit\Services\PropertyServiceTest.php" line="522" class="Innochannel\Sdk\Tests\Unit\Services\PropertyServiceTest" classname="Innochannel.Sdk.Tests.Unit.Services.PropertyServiceTest" assertions="4" time="0.000134"/>
        <testcase name="testGetRatePlanSuccess" file="E:\CodifyTech\Innochannel\sdk\implementations\php\tests\Unit\Services\PropertyServiceTest.php" line="543" class="Innochannel\Sdk\Tests\Unit\Services\PropertyServiceTest" classname="Innochannel.Sdk.Tests.Unit.Services.PropertyServiceTest" assertions="3" time="0.000116"/>
        <testcase name="testUpdateRatePlanSuccess" file="E:\CodifyTech\Innochannel\sdk\implementations\php\tests\Unit\Services\PropertyServiceTest.php" line="561" class="Innochannel\Sdk\Tests\Unit\Services\PropertyServiceTest" classname="Innochannel.Sdk.Tests.Unit.Services.PropertyServiceTest" assertions="3" time="0.000113"/>
        <testcase name="testDeleteRatePlanSuccess" file="E:\CodifyTech\Innochannel\sdk\implementations\php\tests\Unit\Services\PropertyServiceTest.php" line="585" class="Innochannel\Sdk\Tests\Unit\Services\PropertyServiceTest" classname="Innochannel.Sdk.Tests.Unit.Services.PropertyServiceTest" assertions="1" time="0.000083"/>
        <testcase name="testTestPmsConnectionSuccess" file="E:\CodifyTech\Innochannel\sdk\implementations\php\tests\Unit\Services\PropertyServiceTest.php" line="599" class="Innochannel\Sdk\Tests\Unit\Services\PropertyServiceTest" classname="Innochannel.Sdk.Tests.Unit.Services.PropertyServiceTest" assertions="1" time="0.000097"/>
        <testcase name="testSyncWithPmsSuccess" file="E:\CodifyTech\Innochannel\sdk\implementations\php\tests\Unit\Services\PropertyServiceTest.php" line="625" class="Innochannel\Sdk\Tests\Unit\Services\PropertyServiceTest" classname="Innochannel.Sdk.Tests.Unit.Services.PropertyServiceTest" assertions="1" time="0.000091"/>
      </testsuite>
      <testsuite name="Tests\Unit\Services\ReservationServiceTest" file="E:\CodifyTech\Innochannel\sdk\implementations\php\tests\Unit\Services\ReservationServiceTest.php" tests="14" assertions="24" errors="0" failures="0" skipped="0" time="0.002339">
        <testcase name="testCreateReservationSuccess" file="E:\CodifyTech\Innochannel\sdk\implementations\php\tests\Unit\Services\ReservationServiceTest.php" line="82" class="Tests\Unit\Services\ReservationServiceTest" classname="Tests.Unit.Services.ReservationServiceTest" assertions="2" time="0.000348"/>
        <testcase name="testCreateReservationValidationFailure" file="E:\CodifyTech\Innochannel\sdk\implementations\php\tests\Unit\Services\ReservationServiceTest.php" line="113" class="Tests\Unit\Services\ReservationServiceTest" classname="Tests.Unit.Services.ReservationServiceTest" assertions="2" time="0.000295"/>
        <testcase name="testGetReservationSuccess" file="E:\CodifyTech\Innochannel\sdk\implementations\php\tests\Unit\Services\ReservationServiceTest.php" line="135" class="Tests\Unit\Services\ReservationServiceTest" classname="Tests.Unit.Services.ReservationServiceTest" assertions="2" time="0.000320"/>
        <testcase name="testGetReservationNotFound" file="E:\CodifyTech\Innochannel\sdk\implementations\php\tests\Unit\Services\ReservationServiceTest.php" line="152" class="Tests\Unit\Services\ReservationServiceTest" classname="Tests.Unit.Services.ReservationServiceTest" assertions="1" time="0.000125"/>
        <testcase name="testListReservationsWithDefaultFilters" file="E:\CodifyTech\Innochannel\sdk\implementations\php\tests\Unit\Services\ReservationServiceTest.php" line="165" class="Tests\Unit\Services\ReservationServiceTest" classname="Tests.Unit.Services.ReservationServiceTest" assertions="3" time="0.000166"/>
        <testcase name="testListReservationsWithCustomFilters" file="E:\CodifyTech\Innochannel\sdk\implementations\php\tests\Unit\Services\ReservationServiceTest.php" line="189" class="Tests\Unit\Services\ReservationServiceTest" classname="Tests.Unit.Services.ReservationServiceTest" assertions="2" time="0.000142"/>
        <testcase name="testUpdateReservationSuccess" file="E:\CodifyTech\Innochannel\sdk\implementations\php\tests\Unit\Services\ReservationServiceTest.php" line="222" class="Tests\Unit\Services\ReservationServiceTest" classname="Tests.Unit.Services.ReservationServiceTest" assertions="1" time="0.000139"/>
        <testcase name="testUpdateReservationValidationFailure" file="E:\CodifyTech\Innochannel\sdk\implementations\php\tests\Unit\Services\ReservationServiceTest.php" line="244" class="Tests\Unit\Services\ReservationServiceTest" classname="Tests.Unit.Services.ReservationServiceTest" assertions="1" time="0.000114"/>
        <testcase name="testCancelReservationSuccess" file="E:\CodifyTech\Innochannel\sdk\implementations\php\tests\Unit\Services\ReservationServiceTest.php" line="263" class="Tests\Unit\Services\ReservationServiceTest" classname="Tests.Unit.Services.ReservationServiceTest" assertions="1" time="0.000106"/>
        <testcase name="testConfirmReservationSuccess" file="E:\CodifyTech\Innochannel\sdk\implementations\php\tests\Unit\Services\ReservationServiceTest.php" line="283" class="Tests\Unit\Services\ReservationServiceTest" classname="Tests.Unit.Services.ReservationServiceTest" assertions="2" time="0.000128"/>
        <testcase name="testModifyReservationSuccess" file="E:\CodifyTech\Innochannel\sdk\implementations\php\tests\Unit\Services\ReservationServiceTest.php" line="309" class="Tests\Unit\Services\ReservationServiceTest" classname="Tests.Unit.Services.ReservationServiceTest" assertions="1" time="0.000097"/>
        <testcase name="testModifyReservationValidationFailure" file="E:\CodifyTech\Innochannel\sdk\implementations\php\tests\Unit\Services\ReservationServiceTest.php" line="332" class="Tests\Unit\Services\ReservationServiceTest" classname="Tests.Unit.Services.ReservationServiceTest" assertions="1" time="0.000096"/>
        <testcase name="testGetReservationHistorySuccess" file="E:\CodifyTech\Innochannel\sdk\implementations\php\tests\Unit\Services\ReservationServiceTest.php" line="352" class="Tests\Unit\Services\ReservationServiceTest" classname="Tests.Unit.Services.ReservationServiceTest" assertions="2" time="0.000154"/>
        <testcase name="testSyncReservationWithPmsSuccess" file="E:\CodifyTech\Innochannel\sdk\implementations\php\tests\Unit\Services\ReservationServiceTest.php" line="385" class="Tests\Unit\Services\ReservationServiceTest" classname="Tests.Unit.Services.ReservationServiceTest" assertions="3" time="0.000108"/>
      </testsuite>
      <testsuite name="Tests\Unit\Traits\HasEventsTest" file="E:\CodifyTech\Innochannel\sdk\implementations\php\tests\Unit\Traits\HasEventsTest.php" tests="8" assertions="19" errors="0" failures="0" skipped="0" time="0.001287">
        <testcase name="testInitializeEvents" file="E:\CodifyTech\Innochannel\sdk\implementations\php\tests\Unit\Traits\HasEventsTest.php" line="35" class="Tests\Unit\Traits\HasEventsTest" classname="Tests.Unit.Traits.HasEventsTest" assertions="2" time="0.000828"/>
        <testcase name="testEnableDisableEvents" file="E:\CodifyTech\Innochannel\sdk\implementations\php\tests\Unit\Traits\HasEventsTest.php" line="41" class="Tests\Unit\Traits\HasEventsTest" classname="Tests.Unit.Traits.HasEventsTest" assertions="3" time="0.000077"/>
        <testcase name="testIsDirty" file="E:\CodifyTech\Innochannel\sdk\implementations\php\tests\Unit\Traits\HasEventsTest.php" line="52" class="Tests\Unit\Traits\HasEventsTest" classname="Tests.Unit.Traits.HasEventsTest" assertions="2" time="0.000060"/>
        <testcase name="testGetChanges" file="E:\CodifyTech\Innochannel\sdk\implementations\php\tests\Unit\Traits\HasEventsTest.php" line="60" class="Tests\Unit\Traits\HasEventsTest" classname="Tests.Unit.Traits.HasEventsTest" assertions="4" time="0.000083"/>
        <testcase name="testFireEvent" file="E:\CodifyTech\Innochannel\sdk\implementations\php\tests\Unit\Traits\HasEventsTest.php" line="72" class="Tests\Unit\Traits\HasEventsTest" classname="Tests.Unit.Traits.HasEventsTest" assertions="1" time="0.000062"/>
        <testcase name="testFireEventWhenDisabled" file="E:\CodifyTech\Innochannel\sdk\implementations\php\tests\Unit\Traits\HasEventsTest.php" line="83" class="Tests\Unit\Traits\HasEventsTest" classname="Tests.Unit.Traits.HasEventsTest" assertions="1" time="0.000056"/>
        <testcase name="testWithoutEvents" file="E:\CodifyTech\Innochannel\sdk\implementations\php\tests\Unit\Traits\HasEventsTest.php" line="95" class="Tests\Unit\Traits\HasEventsTest" classname="Tests.Unit.Traits.HasEventsTest" assertions="3" time="0.000061"/>
        <testcase name="testSyncOriginalAttributes" file="E:\CodifyTech\Innochannel\sdk\implementations\php\tests\Unit\Traits\HasEventsTest.php" line="112" class="Tests\Unit\Traits\HasEventsTest" classname="Tests.Unit.Traits.HasEventsTest" assertions="3" time="0.000062"/>
      </testsuite>
    </testsuite>
  </testsuite>
</testsuites>
