<?xml version="1.0" encoding="UTF-8"?>
<testsuites>
  <testsuite name="Innochannel\Sdk\Tests\Unit\ClientTest" file="E:\CodifyTech\Innochannel\sdk\implementations\php\tests\Unit\ClientTest.php" tests="28" assertions="9" errors="19" failures="7" skipped="0" time="0.023040">
    <testcase name="testConstructorWithDefaultHttpClient" file="E:\CodifyTech\Innochannel\sdk\implementations\php\tests\Unit\ClientTest.php" line="62" class="Innochannel\Sdk\Tests\Unit\ClientTest" classname="Innochannel.Sdk.Tests.Unit.ClientTest" assertions="1" time="0.005948"/>
    <testcase name="testConstructorWithCustomHttpClient" file="E:\CodifyTech\Innochannel\sdk\implementations\php\tests\Unit\ClientTest.php" line="68" class="Innochannel\Sdk\Tests\Unit\ClientTest" classname="Innochannel.Sdk.Tests.Unit.ClientTest" assertions="1" time="0.002122"/>
    <testcase name="testGetRequestSuccess" file="E:\CodifyTech\Innochannel\sdk\implementations\php\tests\Unit\ClientTest.php" line="75" class="Innochannel\Sdk\Tests\Unit\ClientTest" classname="Innochannel.Sdk.Tests.Unit.ClientTest" assertions="0" time="0.006657">
      <error type="Error">Innochannel\Sdk\Tests\Unit\ClientTest::testGetRequestSuccess&#13;
Error: Class "Illuminate\Support\Facades\Http" not found
&#13;
E:\CodifyTech\Innochannel\sdk\implementations\php\src\Client.php:1040
E:\CodifyTech\Innochannel\sdk\implementations\php\src\Client.php:1159
E:\CodifyTech\Innochannel\sdk\implementations\php\tests\Unit\ClientTest.php:82</error>
    </testcase>
    <testcase name="testGetRequestWithQueryParameters" file="E:\CodifyTech\Innochannel\sdk\implementations\php\tests\Unit\ClientTest.php" line="87" class="Innochannel\Sdk\Tests\Unit\ClientTest" classname="Innochannel.Sdk.Tests.Unit.ClientTest" assertions="0" time="0.000266">
      <error type="Error">Innochannel\Sdk\Tests\Unit\ClientTest::testGetRequestWithQueryParameters&#13;
Error: Class "Illuminate\Support\Facades\Http" not found
&#13;
E:\CodifyTech\Innochannel\sdk\implementations\php\src\Client.php:1040
E:\CodifyTech\Innochannel\sdk\implementations\php\src\Client.php:1159
E:\CodifyTech\Innochannel\sdk\implementations\php\tests\Unit\ClientTest.php:95</error>
    </testcase>
    <testcase name="testPostRequestSuccess" file="E:\CodifyTech\Innochannel\sdk\implementations\php\tests\Unit\ClientTest.php" line="100" class="Innochannel\Sdk\Tests\Unit\ClientTest" classname="Innochannel.Sdk.Tests.Unit.ClientTest" assertions="0" time="0.000176">
      <error type="Error">Innochannel\Sdk\Tests\Unit\ClientTest::testPostRequestSuccess&#13;
Error: Class "Illuminate\Support\Facades\Http" not found
&#13;
E:\CodifyTech\Innochannel\sdk\implementations\php\src\Client.php:1040
E:\CodifyTech\Innochannel\sdk\implementations\php\src\Client.php:1172
E:\CodifyTech\Innochannel\sdk\implementations\php\tests\Unit\ClientTest.php:109</error>
    </testcase>
    <testcase name="testPutRequestSuccess" file="E:\CodifyTech\Innochannel\sdk\implementations\php\tests\Unit\ClientTest.php" line="114" class="Innochannel\Sdk\Tests\Unit\ClientTest" classname="Innochannel.Sdk.Tests.Unit.ClientTest" assertions="0" time="0.000200">
      <error type="Error">Innochannel\Sdk\Tests\Unit\ClientTest::testPutRequestSuccess&#13;
Error: Class "Illuminate\Support\Facades\Http" not found
&#13;
E:\CodifyTech\Innochannel\sdk\implementations\php\src\Client.php:1040
E:\CodifyTech\Innochannel\sdk\implementations\php\src\Client.php:1185
E:\CodifyTech\Innochannel\sdk\implementations\php\tests\Unit\ClientTest.php:123</error>
    </testcase>
    <testcase name="testPatchRequestSuccess" file="E:\CodifyTech\Innochannel\sdk\implementations\php\tests\Unit\ClientTest.php" line="128" class="Innochannel\Sdk\Tests\Unit\ClientTest" classname="Innochannel.Sdk.Tests.Unit.ClientTest" assertions="0" time="0.000200">
      <error type="Error">Innochannel\Sdk\Tests\Unit\ClientTest::testPatchRequestSuccess&#13;
Error: Class "Illuminate\Support\Facades\Http" not found
&#13;
E:\CodifyTech\Innochannel\sdk\implementations\php\src\Client.php:1040
E:\CodifyTech\Innochannel\sdk\implementations\php\src\Client.php:1214
E:\CodifyTech\Innochannel\sdk\implementations\php\tests\Unit\ClientTest.php:137</error>
    </testcase>
    <testcase name="testDeleteRequestSuccess" file="E:\CodifyTech\Innochannel\sdk\implementations\php\tests\Unit\ClientTest.php" line="142" class="Innochannel\Sdk\Tests\Unit\ClientTest" classname="Innochannel.Sdk.Tests.Unit.ClientTest" assertions="0" time="0.000208">
      <error type="Error">Innochannel\Sdk\Tests\Unit\ClientTest::testDeleteRequestSuccess&#13;
Error: Class "Illuminate\Support\Facades\Http" not found
&#13;
E:\CodifyTech\Innochannel\sdk\implementations\php\src\Client.php:1040
E:\CodifyTech\Innochannel\sdk\implementations\php\src\Client.php:1193
E:\CodifyTech\Innochannel\sdk\implementations\php\tests\Unit\ClientTest.php:146</error>
    </testcase>
    <testcase name="testDeleteRequestWithContent" file="E:\CodifyTech\Innochannel\sdk\implementations\php\tests\Unit\ClientTest.php" line="151" class="Innochannel\Sdk\Tests\Unit\ClientTest" classname="Innochannel.Sdk.Tests.Unit.ClientTest" assertions="0" time="0.000170">
      <error type="Error">Innochannel\Sdk\Tests\Unit\ClientTest::testDeleteRequestWithContent&#13;
Error: Class "Illuminate\Support\Facades\Http" not found
&#13;
E:\CodifyTech\Innochannel\sdk\implementations\php\src\Client.php:1040
E:\CodifyTech\Innochannel\sdk\implementations\php\src\Client.php:1193
E:\CodifyTech\Innochannel\sdk\implementations\php\tests\Unit\ClientTest.php:158</error>
    </testcase>
    <testcase name="testAuthenticationExceptionOn401" file="E:\CodifyTech\Innochannel\sdk\implementations\php\tests\Unit\ClientTest.php" line="163" class="Innochannel\Sdk\Tests\Unit\ClientTest" classname="Innochannel.Sdk.Tests.Unit.ClientTest" assertions="1" time="0.001154">
      <failure type="PHPUnit\Framework\ExpectationFailedException">Innochannel\Sdk\Tests\Unit\ClientTest::testAuthenticationExceptionOn401&#13;
Failed asserting that exception of type "Error" matches expected exception "Innochannel\Sdk\Exceptions\AuthenticationException". Message was: "Class "Illuminate\Support\Facades\Http" not found" at
E:\CodifyTech\Innochannel\sdk\implementations\php\src\Client.php:1040
E:\CodifyTech\Innochannel\sdk\implementations\php\src\Client.php:1159
E:\CodifyTech\Innochannel\sdk\implementations\php\tests\Unit\ClientTest.php:172
.</failure>
    </testcase>
    <testcase name="testValidationExceptionOn400" file="E:\CodifyTech\Innochannel\sdk\implementations\php\tests\Unit\ClientTest.php" line="175" class="Innochannel\Sdk\Tests\Unit\ClientTest" classname="Innochannel.Sdk.Tests.Unit.ClientTest" assertions="1" time="0.000354">
      <failure type="PHPUnit\Framework\ExpectationFailedException">Innochannel\Sdk\Tests\Unit\ClientTest::testValidationExceptionOn400&#13;
Failed asserting that exception of type "Error" matches expected exception "Innochannel\Sdk\Exceptions\ValidationException". Message was: "Class "Illuminate\Support\Facades\Http" not found" at
E:\CodifyTech\Innochannel\sdk\implementations\php\src\Client.php:1040
E:\CodifyTech\Innochannel\sdk\implementations\php\src\Client.php:1172
E:\CodifyTech\Innochannel\sdk\implementations\php\tests\Unit\ClientTest.php:192
.</failure>
    </testcase>
    <testcase name="testNotFoundExceptionOn404" file="E:\CodifyTech\Innochannel\sdk\implementations\php\tests\Unit\ClientTest.php" line="195" class="Innochannel\Sdk\Tests\Unit\ClientTest" classname="Innochannel.Sdk.Tests.Unit.ClientTest" assertions="1" time="0.000300">
      <failure type="PHPUnit\Framework\ExpectationFailedException">Innochannel\Sdk\Tests\Unit\ClientTest::testNotFoundExceptionOn404&#13;
Failed asserting that exception of type "Error" matches expected exception "Innochannel\Sdk\Exceptions\NotFoundException". Message was: "Class "Illuminate\Support\Facades\Http" not found" at
E:\CodifyTech\Innochannel\sdk\implementations\php\src\Client.php:1040
E:\CodifyTech\Innochannel\sdk\implementations\php\src\Client.php:1159
E:\CodifyTech\Innochannel\sdk\implementations\php\tests\Unit\ClientTest.php:204
.</failure>
    </testcase>
    <testcase name="testRateLimitExceptionOn429" file="E:\CodifyTech\Innochannel\sdk\implementations\php\tests\Unit\ClientTest.php" line="207" class="Innochannel\Sdk\Tests\Unit\ClientTest" classname="Innochannel.Sdk.Tests.Unit.ClientTest" assertions="1" time="0.000289">
      <failure type="PHPUnit\Framework\ExpectationFailedException">Innochannel\Sdk\Tests\Unit\ClientTest::testRateLimitExceptionOn429&#13;
Failed asserting that exception of type "Error" matches expected exception "Innochannel\Sdk\Exceptions\RateLimitException". Message was: "Class "Illuminate\Support\Facades\Http" not found" at
E:\CodifyTech\Innochannel\sdk\implementations\php\src\Client.php:1040
E:\CodifyTech\Innochannel\sdk\implementations\php\src\Client.php:1159
E:\CodifyTech\Innochannel\sdk\implementations\php\tests\Unit\ClientTest.php:220
.</failure>
    </testcase>
    <testcase name="testGenericInnochannelExceptionOn500" file="E:\CodifyTech\Innochannel\sdk\implementations\php\tests\Unit\ClientTest.php" line="223" class="Innochannel\Sdk\Tests\Unit\ClientTest" classname="Innochannel.Sdk.Tests.Unit.ClientTest" assertions="1" time="0.000287">
      <failure type="PHPUnit\Framework\ExpectationFailedException">Innochannel\Sdk\Tests\Unit\ClientTest::testGenericInnochannelExceptionOn500&#13;
Failed asserting that exception of type "Error" matches expected exception "Innochannel\Sdk\Exceptions\InnochannelException". Message was: "Class "Illuminate\Support\Facades\Http" not found" at
E:\CodifyTech\Innochannel\sdk\implementations\php\src\Client.php:1040
E:\CodifyTech\Innochannel\sdk\implementations\php\src\Client.php:1159
E:\CodifyTech\Innochannel\sdk\implementations\php\tests\Unit\ClientTest.php:232
.</failure>
    </testcase>
    <testcase name="testNetworkException" file="E:\CodifyTech\Innochannel\sdk\implementations\php\tests\Unit\ClientTest.php" line="235" class="Innochannel\Sdk\Tests\Unit\ClientTest" classname="Innochannel.Sdk.Tests.Unit.ClientTest" assertions="1" time="0.001523">
      <failure type="PHPUnit\Framework\ExpectationFailedException">Innochannel\Sdk\Tests\Unit\ClientTest::testNetworkException&#13;
Failed asserting that exception of type "Error" matches expected exception "Innochannel\Sdk\Exceptions\ApiException". Message was: "Class "Illuminate\Support\Facades\Http" not found" at
E:\CodifyTech\Innochannel\sdk\implementations\php\src\Client.php:1040
E:\CodifyTech\Innochannel\sdk\implementations\php\src\Client.php:1159
E:\CodifyTech\Innochannel\sdk\implementations\php\tests\Unit\ClientTest.php:244
.</failure>
    </testcase>
    <testcase name="testInvalidJsonResponse" file="E:\CodifyTech\Innochannel\sdk\implementations\php\tests\Unit\ClientTest.php" line="247" class="Innochannel\Sdk\Tests\Unit\ClientTest" classname="Innochannel.Sdk.Tests.Unit.ClientTest" assertions="1" time="0.000281">
      <failure type="PHPUnit\Framework\ExpectationFailedException">Innochannel\Sdk\Tests\Unit\ClientTest::testInvalidJsonResponse&#13;
Failed asserting that exception of type "Error" matches expected exception "Innochannel\Sdk\Exceptions\ApiException". Message was: "Class "Illuminate\Support\Facades\Http" not found" at
E:\CodifyTech\Innochannel\sdk\implementations\php\src\Client.php:1040
E:\CodifyTech\Innochannel\sdk\implementations\php\src\Client.php:1159
E:\CodifyTech\Innochannel\sdk\implementations\php\tests\Unit\ClientTest.php:256
.</failure>
    </testcase>
    <testcase name="testEmptyResponseBody" file="E:\CodifyTech\Innochannel\sdk\implementations\php\tests\Unit\ClientTest.php" line="259" class="Innochannel\Sdk\Tests\Unit\ClientTest" classname="Innochannel.Sdk.Tests.Unit.ClientTest" assertions="0" time="0.000211">
      <error type="Error">Innochannel\Sdk\Tests\Unit\ClientTest::testEmptyResponseBody&#13;
Error: Class "Illuminate\Support\Facades\Http" not found
&#13;
E:\CodifyTech\Innochannel\sdk\implementations\php\src\Client.php:1040
E:\CodifyTech\Innochannel\sdk\implementations\php\src\Client.php:1159
E:\CodifyTech\Innochannel\sdk\implementations\php\tests\Unit\ClientTest.php:263</error>
    </testcase>
    <testcase name="testCustomHeaders" file="E:\CodifyTech\Innochannel\sdk\implementations\php\tests\Unit\ClientTest.php" line="268" class="Innochannel\Sdk\Tests\Unit\ClientTest" classname="Innochannel.Sdk.Tests.Unit.ClientTest" assertions="0" time="0.000281">
      <error type="Error">Innochannel\Sdk\Tests\Unit\ClientTest::testCustomHeaders&#13;
Error: Class "Illuminate\Support\Facades\Http" not found
&#13;
E:\CodifyTech\Innochannel\sdk\implementations\php\src\Client.php:1040
E:\CodifyTech\Innochannel\sdk\implementations\php\src\Client.php:1159
E:\CodifyTech\Innochannel\sdk\implementations\php\tests\Unit\ClientTest.php:275</error>
    </testcase>
    <testcase name="testApiKeyAuthentication" file="E:\CodifyTech\Innochannel\sdk\implementations\php\tests\Unit\ClientTest.php" line="280" class="Innochannel\Sdk\Tests\Unit\ClientTest" classname="Innochannel.Sdk.Tests.Unit.ClientTest" assertions="0" time="0.000196">
      <error type="Error">Innochannel\Sdk\Tests\Unit\ClientTest::testApiKeyAuthentication&#13;
Error: Class "Illuminate\Support\Facades\Http" not found
&#13;
E:\CodifyTech\Innochannel\sdk\implementations\php\src\Client.php:1040
E:\CodifyTech\Innochannel\sdk\implementations\php\src\Client.php:1159
E:\CodifyTech\Innochannel\sdk\implementations\php\tests\Unit\ClientTest.php:287</error>
    </testcase>
    <testcase name="testRetryMechanism" file="E:\CodifyTech\Innochannel\sdk\implementations\php\tests\Unit\ClientTest.php" line="297" class="Innochannel\Sdk\Tests\Unit\ClientTest" classname="Innochannel.Sdk.Tests.Unit.ClientTest" assertions="0" time="0.000226">
      <error type="Error">Innochannel\Sdk\Tests\Unit\ClientTest::testRetryMechanism&#13;
Error: Class "Illuminate\Support\Facades\Http" not found
&#13;
E:\CodifyTech\Innochannel\sdk\implementations\php\src\Client.php:1040
E:\CodifyTech\Innochannel\sdk\implementations\php\src\Client.php:1159
E:\CodifyTech\Innochannel\sdk\implementations\php\tests\Unit\ClientTest.php:316</error>
    </testcase>
    <testcase name="testTimeoutConfiguration" file="E:\CodifyTech\Innochannel\sdk\implementations\php\tests\Unit\ClientTest.php" line="321" class="Innochannel\Sdk\Tests\Unit\ClientTest" classname="Innochannel.Sdk.Tests.Unit.ClientTest" assertions="0" time="0.000147">
      <error type="ReflectionException">Innochannel\Sdk\Tests\Unit\ClientTest::testTimeoutConfiguration&#13;
ReflectionException: Property Innochannel\Sdk\Client::$httpClient does not exist
&#13;
E:\CodifyTech\Innochannel\sdk\implementations\php\tests\Unit\ClientTest.php:333</error>
    </testcase>
    <testcase name="testDebugMode" file="E:\CodifyTech\Innochannel\sdk\implementations\php\tests\Unit\ClientTest.php" line="340" class="Innochannel\Sdk\Tests\Unit\ClientTest" classname="Innochannel.Sdk.Tests.Unit.ClientTest" assertions="0" time="0.000195">
      <error type="ReflectionException">Innochannel\Sdk\Tests\Unit\ClientTest::testDebugMode&#13;
ReflectionException: Property Innochannel\Sdk\Client::$httpClient does not exist
&#13;
E:\CodifyTech\Innochannel\sdk\implementations\php\tests\Unit\ClientTest.php:351</error>
    </testcase>
    <testcase name="testUserAgentHeader" file="E:\CodifyTech\Innochannel\sdk\implementations\php\tests\Unit\ClientTest.php" line="358" class="Innochannel\Sdk\Tests\Unit\ClientTest" classname="Innochannel.Sdk.Tests.Unit.ClientTest" assertions="0" time="0.000198">
      <error type="Error">Innochannel\Sdk\Tests\Unit\ClientTest::testUserAgentHeader&#13;
Error: Class "Illuminate\Support\Facades\Http" not found
&#13;
E:\CodifyTech\Innochannel\sdk\implementations\php\src\Client.php:1040
E:\CodifyTech\Innochannel\sdk\implementations\php\src\Client.php:1159
E:\CodifyTech\Innochannel\sdk\implementations\php\tests\Unit\ClientTest.php:364</error>
    </testcase>
    <testcase name="testContentTypeHeader" file="E:\CodifyTech\Innochannel\sdk\implementations\php\tests\Unit\ClientTest.php" line="371" class="Innochannel\Sdk\Tests\Unit\ClientTest" classname="Innochannel.Sdk.Tests.Unit.ClientTest" assertions="0" time="0.000357">
      <error type="Error">Innochannel\Sdk\Tests\Unit\ClientTest::testContentTypeHeader&#13;
Error: Class "Illuminate\Support\Facades\Http" not found
&#13;
E:\CodifyTech\Innochannel\sdk\implementations\php\src\Client.php:1040
E:\CodifyTech\Innochannel\sdk\implementations\php\src\Client.php:1172
E:\CodifyTech\Innochannel\sdk\implementations\php\tests\Unit\ClientTest.php:377</error>
    </testcase>
    <testcase name="testAcceptHeader" file="E:\CodifyTech\Innochannel\sdk\implementations\php\tests\Unit\ClientTest.php" line="383" class="Innochannel\Sdk\Tests\Unit\ClientTest" classname="Innochannel.Sdk.Tests.Unit.ClientTest" assertions="0" time="0.000287">
      <error type="Error">Innochannel\Sdk\Tests\Unit\ClientTest::testAcceptHeader&#13;
Error: Class "Illuminate\Support\Facades\Http" not found
&#13;
E:\CodifyTech\Innochannel\sdk\implementations\php\src\Client.php:1040
E:\CodifyTech\Innochannel\sdk\implementations\php\src\Client.php:1159
E:\CodifyTech\Innochannel\sdk\implementations\php\tests\Unit\ClientTest.php:389</error>
    </testcase>
    <testcase name="testAuthorizationHeader" file="E:\CodifyTech\Innochannel\sdk\implementations\php\tests\Unit\ClientTest.php" line="395" class="Innochannel\Sdk\Tests\Unit\ClientTest" classname="Innochannel.Sdk.Tests.Unit.ClientTest" assertions="0" time="0.000282">
      <error type="Error">Innochannel\Sdk\Tests\Unit\ClientTest::testAuthorizationHeader&#13;
Error: Class "Illuminate\Support\Facades\Http" not found
&#13;
E:\CodifyTech\Innochannel\sdk\implementations\php\src\Client.php:1040
E:\CodifyTech\Innochannel\sdk\implementations\php\src\Client.php:1159
E:\CodifyTech\Innochannel\sdk\implementations\php\tests\Unit\ClientTest.php:401</error>
    </testcase>
    <testcase name="testApiKeyAndSecretHeaders" file="E:\CodifyTech\Innochannel\sdk\implementations\php\tests\Unit\ClientTest.php" line="409" class="Innochannel\Sdk\Tests\Unit\ClientTest" classname="Innochannel.Sdk.Tests.Unit.ClientTest" assertions="0" time="0.000227">
      <error type="Error">Innochannel\Sdk\Tests\Unit\ClientTest::testApiKeyAndSecretHeaders&#13;
Error: Class "Illuminate\Support\Facades\Http" not found
&#13;
E:\CodifyTech\Innochannel\sdk\implementations\php\src\Client.php:1040
E:\CodifyTech\Innochannel\sdk\implementations\php\src\Client.php:1159
E:\CodifyTech\Innochannel\sdk\implementations\php\tests\Unit\ClientTest.php:415</error>
    </testcase>
    <testcase name="testAuthenticationWithoutApiSecret" file="E:\CodifyTech\Innochannel\sdk\implementations\php\tests\Unit\ClientTest.php" line="428" class="Innochannel\Sdk\Tests\Unit\ClientTest" classname="Innochannel.Sdk.Tests.Unit.ClientTest" assertions="0" time="0.000298">
      <error type="Error">Innochannel\Sdk\Tests\Unit\ClientTest::testAuthenticationWithoutApiSecret&#13;
Error: Class "Illuminate\Support\Facades\Http" not found
&#13;
E:\CodifyTech\Innochannel\sdk\implementations\php\src\Client.php:1040
E:\CodifyTech\Innochannel\sdk\implementations\php\src\Client.php:1159
E:\CodifyTech\Innochannel\sdk\implementations\php\tests\Unit\ClientTest.php:450</error>
    </testcase>
  </testsuite>
</testsuites>
