<?xml version="1.0" encoding="UTF-8"?>
<testsuites>
  <testsuite name="E:\CodifyTech\Innochannel\sdk\implementations\php\phpunit.xml" tests="98" assertions="151" errors="19" failures="7" skipped="0" time="0.052891">
    <testsuite name="Unit" tests="98" assertions="151" errors="19" failures="7" skipped="0" time="0.052891">
      <testsuite name="Innochannel\Sdk\Tests\Unit\ClientTest" file="E:\CodifyTech\Innochannel\sdk\implementations\php\tests\Unit\ClientTest.php" tests="28" assertions="9" errors="19" failures="7" skipped="0" time="0.021105">
        <testcase name="testConstructorWithDefaultHttpClient" file="E:\CodifyTech\Innochannel\sdk\implementations\php\tests\Unit\ClientTest.php" line="62" class="Innochannel\Sdk\Tests\Unit\ClientTest" classname="Innochannel.Sdk.Tests.Unit.ClientTest" assertions="1" time="0.005631"/>
        <testcase name="testConstructorWithCustomHttpClient" file="E:\CodifyTech\Innochannel\sdk\implementations\php\tests\Unit\ClientTest.php" line="68" class="Innochannel\Sdk\Tests\Unit\ClientTest" classname="Innochannel.Sdk.Tests.Unit.ClientTest" assertions="1" time="0.001841"/>
        <testcase name="testGetRequestSuccess" file="E:\CodifyTech\Innochannel\sdk\implementations\php\tests\Unit\ClientTest.php" line="75" class="Innochannel\Sdk\Tests\Unit\ClientTest" classname="Innochannel.Sdk.Tests.Unit.ClientTest" assertions="0" time="0.006515">
          <error type="Error">Innochannel\Sdk\Tests\Unit\ClientTest::testGetRequestSuccess&#13;
Error: Class "Illuminate\Support\Facades\Http" not found
&#13;
E:\CodifyTech\Innochannel\sdk\implementations\php\src\Client.php:965
E:\CodifyTech\Innochannel\sdk\implementations\php\src\Client.php:1082
E:\CodifyTech\Innochannel\sdk\implementations\php\tests\Unit\ClientTest.php:82</error>
        </testcase>
        <testcase name="testGetRequestWithQueryParameters" file="E:\CodifyTech\Innochannel\sdk\implementations\php\tests\Unit\ClientTest.php" line="87" class="Innochannel\Sdk\Tests\Unit\ClientTest" classname="Innochannel.Sdk.Tests.Unit.ClientTest" assertions="0" time="0.000251">
          <error type="Error">Innochannel\Sdk\Tests\Unit\ClientTest::testGetRequestWithQueryParameters&#13;
Error: Class "Illuminate\Support\Facades\Http" not found
&#13;
E:\CodifyTech\Innochannel\sdk\implementations\php\src\Client.php:965
E:\CodifyTech\Innochannel\sdk\implementations\php\src\Client.php:1082
E:\CodifyTech\Innochannel\sdk\implementations\php\tests\Unit\ClientTest.php:95</error>
        </testcase>
        <testcase name="testPostRequestSuccess" file="E:\CodifyTech\Innochannel\sdk\implementations\php\tests\Unit\ClientTest.php" line="100" class="Innochannel\Sdk\Tests\Unit\ClientTest" classname="Innochannel.Sdk.Tests.Unit.ClientTest" assertions="0" time="0.000192">
          <error type="Error">Innochannel\Sdk\Tests\Unit\ClientTest::testPostRequestSuccess&#13;
Error: Class "Illuminate\Support\Facades\Http" not found
&#13;
E:\CodifyTech\Innochannel\sdk\implementations\php\src\Client.php:965
E:\CodifyTech\Innochannel\sdk\implementations\php\src\Client.php:1095
E:\CodifyTech\Innochannel\sdk\implementations\php\tests\Unit\ClientTest.php:109</error>
        </testcase>
        <testcase name="testPutRequestSuccess" file="E:\CodifyTech\Innochannel\sdk\implementations\php\tests\Unit\ClientTest.php" line="114" class="Innochannel\Sdk\Tests\Unit\ClientTest" classname="Innochannel.Sdk.Tests.Unit.ClientTest" assertions="0" time="0.000175">
          <error type="Error">Innochannel\Sdk\Tests\Unit\ClientTest::testPutRequestSuccess&#13;
Error: Class "Illuminate\Support\Facades\Http" not found
&#13;
E:\CodifyTech\Innochannel\sdk\implementations\php\src\Client.php:965
E:\CodifyTech\Innochannel\sdk\implementations\php\src\Client.php:1108
E:\CodifyTech\Innochannel\sdk\implementations\php\tests\Unit\ClientTest.php:123</error>
        </testcase>
        <testcase name="testPatchRequestSuccess" file="E:\CodifyTech\Innochannel\sdk\implementations\php\tests\Unit\ClientTest.php" line="128" class="Innochannel\Sdk\Tests\Unit\ClientTest" classname="Innochannel.Sdk.Tests.Unit.ClientTest" assertions="0" time="0.000161">
          <error type="Error">Innochannel\Sdk\Tests\Unit\ClientTest::testPatchRequestSuccess&#13;
Error: Class "Illuminate\Support\Facades\Http" not found
&#13;
E:\CodifyTech\Innochannel\sdk\implementations\php\src\Client.php:965
E:\CodifyTech\Innochannel\sdk\implementations\php\src\Client.php:1137
E:\CodifyTech\Innochannel\sdk\implementations\php\tests\Unit\ClientTest.php:137</error>
        </testcase>
        <testcase name="testDeleteRequestSuccess" file="E:\CodifyTech\Innochannel\sdk\implementations\php\tests\Unit\ClientTest.php" line="142" class="Innochannel\Sdk\Tests\Unit\ClientTest" classname="Innochannel.Sdk.Tests.Unit.ClientTest" assertions="0" time="0.000143">
          <error type="Error">Innochannel\Sdk\Tests\Unit\ClientTest::testDeleteRequestSuccess&#13;
Error: Class "Illuminate\Support\Facades\Http" not found
&#13;
E:\CodifyTech\Innochannel\sdk\implementations\php\src\Client.php:965
E:\CodifyTech\Innochannel\sdk\implementations\php\src\Client.php:1116
E:\CodifyTech\Innochannel\sdk\implementations\php\tests\Unit\ClientTest.php:146</error>
        </testcase>
        <testcase name="testDeleteRequestWithContent" file="E:\CodifyTech\Innochannel\sdk\implementations\php\tests\Unit\ClientTest.php" line="151" class="Innochannel\Sdk\Tests\Unit\ClientTest" classname="Innochannel.Sdk.Tests.Unit.ClientTest" assertions="0" time="0.000150">
          <error type="Error">Innochannel\Sdk\Tests\Unit\ClientTest::testDeleteRequestWithContent&#13;
Error: Class "Illuminate\Support\Facades\Http" not found
&#13;
E:\CodifyTech\Innochannel\sdk\implementations\php\src\Client.php:965
E:\CodifyTech\Innochannel\sdk\implementations\php\src\Client.php:1116
E:\CodifyTech\Innochannel\sdk\implementations\php\tests\Unit\ClientTest.php:158</error>
        </testcase>
        <testcase name="testAuthenticationExceptionOn401" file="E:\CodifyTech\Innochannel\sdk\implementations\php\tests\Unit\ClientTest.php" line="163" class="Innochannel\Sdk\Tests\Unit\ClientTest" classname="Innochannel.Sdk.Tests.Unit.ClientTest" assertions="1" time="0.001107">
          <failure type="PHPUnit\Framework\ExpectationFailedException">Innochannel\Sdk\Tests\Unit\ClientTest::testAuthenticationExceptionOn401&#13;
Failed asserting that exception of type "Error" matches expected exception "Innochannel\Sdk\Exceptions\AuthenticationException". Message was: "Class "Illuminate\Support\Facades\Http" not found" at
E:\CodifyTech\Innochannel\sdk\implementations\php\src\Client.php:965
E:\CodifyTech\Innochannel\sdk\implementations\php\src\Client.php:1082
E:\CodifyTech\Innochannel\sdk\implementations\php\tests\Unit\ClientTest.php:172
.</failure>
        </testcase>
        <testcase name="testValidationExceptionOn400" file="E:\CodifyTech\Innochannel\sdk\implementations\php\tests\Unit\ClientTest.php" line="175" class="Innochannel\Sdk\Tests\Unit\ClientTest" classname="Innochannel.Sdk.Tests.Unit.ClientTest" assertions="1" time="0.000354">
          <failure type="PHPUnit\Framework\ExpectationFailedException">Innochannel\Sdk\Tests\Unit\ClientTest::testValidationExceptionOn400&#13;
Failed asserting that exception of type "Error" matches expected exception "Innochannel\Sdk\Exceptions\ValidationException". Message was: "Class "Illuminate\Support\Facades\Http" not found" at
E:\CodifyTech\Innochannel\sdk\implementations\php\src\Client.php:965
E:\CodifyTech\Innochannel\sdk\implementations\php\src\Client.php:1095
E:\CodifyTech\Innochannel\sdk\implementations\php\tests\Unit\ClientTest.php:192
.</failure>
        </testcase>
        <testcase name="testNotFoundExceptionOn404" file="E:\CodifyTech\Innochannel\sdk\implementations\php\tests\Unit\ClientTest.php" line="195" class="Innochannel\Sdk\Tests\Unit\ClientTest" classname="Innochannel.Sdk.Tests.Unit.ClientTest" assertions="1" time="0.000300">
          <failure type="PHPUnit\Framework\ExpectationFailedException">Innochannel\Sdk\Tests\Unit\ClientTest::testNotFoundExceptionOn404&#13;
Failed asserting that exception of type "Error" matches expected exception "Innochannel\Sdk\Exceptions\NotFoundException". Message was: "Class "Illuminate\Support\Facades\Http" not found" at
E:\CodifyTech\Innochannel\sdk\implementations\php\src\Client.php:965
E:\CodifyTech\Innochannel\sdk\implementations\php\src\Client.php:1082
E:\CodifyTech\Innochannel\sdk\implementations\php\tests\Unit\ClientTest.php:204
.</failure>
        </testcase>
        <testcase name="testRateLimitExceptionOn429" file="E:\CodifyTech\Innochannel\sdk\implementations\php\tests\Unit\ClientTest.php" line="207" class="Innochannel\Sdk\Tests\Unit\ClientTest" classname="Innochannel.Sdk.Tests.Unit.ClientTest" assertions="1" time="0.000309">
          <failure type="PHPUnit\Framework\ExpectationFailedException">Innochannel\Sdk\Tests\Unit\ClientTest::testRateLimitExceptionOn429&#13;
Failed asserting that exception of type "Error" matches expected exception "Innochannel\Sdk\Exceptions\RateLimitException". Message was: "Class "Illuminate\Support\Facades\Http" not found" at
E:\CodifyTech\Innochannel\sdk\implementations\php\src\Client.php:965
E:\CodifyTech\Innochannel\sdk\implementations\php\src\Client.php:1082
E:\CodifyTech\Innochannel\sdk\implementations\php\tests\Unit\ClientTest.php:220
.</failure>
        </testcase>
        <testcase name="testGenericInnochannelExceptionOn500" file="E:\CodifyTech\Innochannel\sdk\implementations\php\tests\Unit\ClientTest.php" line="223" class="Innochannel\Sdk\Tests\Unit\ClientTest" classname="Innochannel.Sdk.Tests.Unit.ClientTest" assertions="1" time="0.000296">
          <failure type="PHPUnit\Framework\ExpectationFailedException">Innochannel\Sdk\Tests\Unit\ClientTest::testGenericInnochannelExceptionOn500&#13;
Failed asserting that exception of type "Error" matches expected exception "Innochannel\Sdk\Exceptions\InnochannelException". Message was: "Class "Illuminate\Support\Facades\Http" not found" at
E:\CodifyTech\Innochannel\sdk\implementations\php\src\Client.php:965
E:\CodifyTech\Innochannel\sdk\implementations\php\src\Client.php:1082
E:\CodifyTech\Innochannel\sdk\implementations\php\tests\Unit\ClientTest.php:232
.</failure>
        </testcase>
        <testcase name="testNetworkException" file="E:\CodifyTech\Innochannel\sdk\implementations\php\tests\Unit\ClientTest.php" line="235" class="Innochannel\Sdk\Tests\Unit\ClientTest" classname="Innochannel.Sdk.Tests.Unit.ClientTest" assertions="1" time="0.001673">
          <failure type="PHPUnit\Framework\ExpectationFailedException">Innochannel\Sdk\Tests\Unit\ClientTest::testNetworkException&#13;
Failed asserting that exception of type "Error" matches expected exception "Innochannel\Sdk\Exceptions\ApiException". Message was: "Class "Illuminate\Support\Facades\Http" not found" at
E:\CodifyTech\Innochannel\sdk\implementations\php\src\Client.php:965
E:\CodifyTech\Innochannel\sdk\implementations\php\src\Client.php:1082
E:\CodifyTech\Innochannel\sdk\implementations\php\tests\Unit\ClientTest.php:244
.</failure>
        </testcase>
        <testcase name="testInvalidJsonResponse" file="E:\CodifyTech\Innochannel\sdk\implementations\php\tests\Unit\ClientTest.php" line="247" class="Innochannel\Sdk\Tests\Unit\ClientTest" classname="Innochannel.Sdk.Tests.Unit.ClientTest" assertions="1" time="0.000222">
          <failure type="PHPUnit\Framework\ExpectationFailedException">Innochannel\Sdk\Tests\Unit\ClientTest::testInvalidJsonResponse&#13;
Failed asserting that exception of type "Error" matches expected exception "Innochannel\Sdk\Exceptions\ApiException". Message was: "Class "Illuminate\Support\Facades\Http" not found" at
E:\CodifyTech\Innochannel\sdk\implementations\php\src\Client.php:965
E:\CodifyTech\Innochannel\sdk\implementations\php\src\Client.php:1082
E:\CodifyTech\Innochannel\sdk\implementations\php\tests\Unit\ClientTest.php:256
.</failure>
        </testcase>
        <testcase name="testEmptyResponseBody" file="E:\CodifyTech\Innochannel\sdk\implementations\php\tests\Unit\ClientTest.php" line="259" class="Innochannel\Sdk\Tests\Unit\ClientTest" classname="Innochannel.Sdk.Tests.Unit.ClientTest" assertions="0" time="0.000165">
          <error type="Error">Innochannel\Sdk\Tests\Unit\ClientTest::testEmptyResponseBody&#13;
Error: Class "Illuminate\Support\Facades\Http" not found
&#13;
E:\CodifyTech\Innochannel\sdk\implementations\php\src\Client.php:965
E:\CodifyTech\Innochannel\sdk\implementations\php\src\Client.php:1082
E:\CodifyTech\Innochannel\sdk\implementations\php\tests\Unit\ClientTest.php:263</error>
        </testcase>
        <testcase name="testCustomHeaders" file="E:\CodifyTech\Innochannel\sdk\implementations\php\tests\Unit\ClientTest.php" line="268" class="Innochannel\Sdk\Tests\Unit\ClientTest" classname="Innochannel.Sdk.Tests.Unit.ClientTest" assertions="0" time="0.000157">
          <error type="Error">Innochannel\Sdk\Tests\Unit\ClientTest::testCustomHeaders&#13;
Error: Class "Illuminate\Support\Facades\Http" not found
&#13;
E:\CodifyTech\Innochannel\sdk\implementations\php\src\Client.php:965
E:\CodifyTech\Innochannel\sdk\implementations\php\src\Client.php:1082
E:\CodifyTech\Innochannel\sdk\implementations\php\tests\Unit\ClientTest.php:275</error>
        </testcase>
        <testcase name="testApiKeyAuthentication" file="E:\CodifyTech\Innochannel\sdk\implementations\php\tests\Unit\ClientTest.php" line="280" class="Innochannel\Sdk\Tests\Unit\ClientTest" classname="Innochannel.Sdk.Tests.Unit.ClientTest" assertions="0" time="0.000153">
          <error type="Error">Innochannel\Sdk\Tests\Unit\ClientTest::testApiKeyAuthentication&#13;
Error: Class "Illuminate\Support\Facades\Http" not found
&#13;
E:\CodifyTech\Innochannel\sdk\implementations\php\src\Client.php:965
E:\CodifyTech\Innochannel\sdk\implementations\php\src\Client.php:1082
E:\CodifyTech\Innochannel\sdk\implementations\php\tests\Unit\ClientTest.php:287</error>
        </testcase>
        <testcase name="testRetryMechanism" file="E:\CodifyTech\Innochannel\sdk\implementations\php\tests\Unit\ClientTest.php" line="297" class="Innochannel\Sdk\Tests\Unit\ClientTest" classname="Innochannel.Sdk.Tests.Unit.ClientTest" assertions="0" time="0.000166">
          <error type="Innochannel\Sdk\Exceptions\ValidationException">Innochannel\Sdk\Tests\Unit\ClientTest::testRetryMechanism&#13;
Innochannel\Sdk\Exceptions\ValidationException: API Secret is required
&#13;
E:\CodifyTech\Innochannel\sdk\implementations\php\src\Client.php:1168
E:\CodifyTech\Innochannel\sdk\implementations\php\src\Client.php:62
E:\CodifyTech\Innochannel\sdk\implementations\php\tests\Unit\ClientTest.php:314</error>
        </testcase>
        <testcase name="testTimeoutConfiguration" file="E:\CodifyTech\Innochannel\sdk\implementations\php\tests\Unit\ClientTest.php" line="321" class="Innochannel\Sdk\Tests\Unit\ClientTest" classname="Innochannel.Sdk.Tests.Unit.ClientTest" assertions="0" time="0.000137">
          <error type="Innochannel\Sdk\Exceptions\ValidationException">Innochannel\Sdk\Tests\Unit\ClientTest::testTimeoutConfiguration&#13;
Innochannel\Sdk\Exceptions\ValidationException: API Secret is required
&#13;
E:\CodifyTech\Innochannel\sdk\implementations\php\src\Client.php:1168
E:\CodifyTech\Innochannel\sdk\implementations\php\src\Client.php:62
E:\CodifyTech\Innochannel\sdk\implementations\php\tests\Unit\ClientTest.php:329</error>
        </testcase>
        <testcase name="testDebugMode" file="E:\CodifyTech\Innochannel\sdk\implementations\php\tests\Unit\ClientTest.php" line="340" class="Innochannel\Sdk\Tests\Unit\ClientTest" classname="Innochannel.Sdk.Tests.Unit.ClientTest" assertions="0" time="0.000137">
          <error type="Innochannel\Sdk\Exceptions\ValidationException">Innochannel\Sdk\Tests\Unit\ClientTest::testDebugMode&#13;
Innochannel\Sdk\Exceptions\ValidationException: API Secret is required
&#13;
E:\CodifyTech\Innochannel\sdk\implementations\php\src\Client.php:1168
E:\CodifyTech\Innochannel\sdk\implementations\php\src\Client.php:62
E:\CodifyTech\Innochannel\sdk\implementations\php\tests\Unit\ClientTest.php:348</error>
        </testcase>
        <testcase name="testUserAgentHeader" file="E:\CodifyTech\Innochannel\sdk\implementations\php\tests\Unit\ClientTest.php" line="358" class="Innochannel\Sdk\Tests\Unit\ClientTest" classname="Innochannel.Sdk.Tests.Unit.ClientTest" assertions="0" time="0.000148">
          <error type="Error">Innochannel\Sdk\Tests\Unit\ClientTest::testUserAgentHeader&#13;
Error: Class "Illuminate\Support\Facades\Http" not found
&#13;
E:\CodifyTech\Innochannel\sdk\implementations\php\src\Client.php:965
E:\CodifyTech\Innochannel\sdk\implementations\php\src\Client.php:1082
E:\CodifyTech\Innochannel\sdk\implementations\php\tests\Unit\ClientTest.php:364</error>
        </testcase>
        <testcase name="testContentTypeHeader" file="E:\CodifyTech\Innochannel\sdk\implementations\php\tests\Unit\ClientTest.php" line="371" class="Innochannel\Sdk\Tests\Unit\ClientTest" classname="Innochannel.Sdk.Tests.Unit.ClientTest" assertions="0" time="0.000145">
          <error type="Error">Innochannel\Sdk\Tests\Unit\ClientTest::testContentTypeHeader&#13;
Error: Class "Illuminate\Support\Facades\Http" not found
&#13;
E:\CodifyTech\Innochannel\sdk\implementations\php\src\Client.php:965
E:\CodifyTech\Innochannel\sdk\implementations\php\src\Client.php:1095
E:\CodifyTech\Innochannel\sdk\implementations\php\tests\Unit\ClientTest.php:377</error>
        </testcase>
        <testcase name="testAcceptHeader" file="E:\CodifyTech\Innochannel\sdk\implementations\php\tests\Unit\ClientTest.php" line="383" class="Innochannel\Sdk\Tests\Unit\ClientTest" classname="Innochannel.Sdk.Tests.Unit.ClientTest" assertions="0" time="0.000142">
          <error type="Error">Innochannel\Sdk\Tests\Unit\ClientTest::testAcceptHeader&#13;
Error: Class "Illuminate\Support\Facades\Http" not found
&#13;
E:\CodifyTech\Innochannel\sdk\implementations\php\src\Client.php:965
E:\CodifyTech\Innochannel\sdk\implementations\php\src\Client.php:1082
E:\CodifyTech\Innochannel\sdk\implementations\php\tests\Unit\ClientTest.php:389</error>
        </testcase>
        <testcase name="testAuthorizationHeader" file="E:\CodifyTech\Innochannel\sdk\implementations\php\tests\Unit\ClientTest.php" line="395" class="Innochannel\Sdk\Tests\Unit\ClientTest" classname="Innochannel.Sdk.Tests.Unit.ClientTest" assertions="0" time="0.000144">
          <error type="Error">Innochannel\Sdk\Tests\Unit\ClientTest::testAuthorizationHeader&#13;
Error: Class "Illuminate\Support\Facades\Http" not found
&#13;
E:\CodifyTech\Innochannel\sdk\implementations\php\src\Client.php:965
E:\CodifyTech\Innochannel\sdk\implementations\php\src\Client.php:1082
E:\CodifyTech\Innochannel\sdk\implementations\php\tests\Unit\ClientTest.php:401</error>
        </testcase>
        <testcase name="testApiKeyAndSecretHeaders" file="E:\CodifyTech\Innochannel\sdk\implementations\php\tests\Unit\ClientTest.php" line="409" class="Innochannel\Sdk\Tests\Unit\ClientTest" classname="Innochannel.Sdk.Tests.Unit.ClientTest" assertions="0" time="0.000150">
          <error type="Error">Innochannel\Sdk\Tests\Unit\ClientTest::testApiKeyAndSecretHeaders&#13;
Error: Class "Illuminate\Support\Facades\Http" not found
&#13;
E:\CodifyTech\Innochannel\sdk\implementations\php\src\Client.php:965
E:\CodifyTech\Innochannel\sdk\implementations\php\src\Client.php:1082
E:\CodifyTech\Innochannel\sdk\implementations\php\tests\Unit\ClientTest.php:415</error>
        </testcase>
        <testcase name="testAuthenticationWithoutApiSecret" file="E:\CodifyTech\Innochannel\sdk\implementations\php\tests\Unit\ClientTest.php" line="428" class="Innochannel\Sdk\Tests\Unit\ClientTest" classname="Innochannel.Sdk.Tests.Unit.ClientTest" assertions="0" time="0.000142">
          <error type="Innochannel\Sdk\Exceptions\ValidationException">Innochannel\Sdk\Tests\Unit\ClientTest::testAuthenticationWithoutApiSecret&#13;
Innochannel\Sdk\Exceptions\ValidationException: API Secret is required
&#13;
E:\CodifyTech\Innochannel\sdk\implementations\php\src\Client.php:1168
E:\CodifyTech\Innochannel\sdk\implementations\php\src\Client.php:62
E:\CodifyTech\Innochannel\sdk\implementations\php\tests\Unit\ClientTest.php:444</error>
        </testcase>
      </testsuite>
      <testsuite name="Tests\Unit\ClientTestConnectionTest" file="E:\CodifyTech\Innochannel\sdk\implementations\php\tests\Unit\ClientTestConnectionTest.php" tests="3" assertions="3" errors="0" failures="0" skipped="0" time="0.011187">
        <testcase name="testTestConnectionMethodExists" file="E:\CodifyTech\Innochannel\sdk\implementations\php\tests\Unit\ClientTestConnectionTest.php" line="18" class="Tests\Unit\ClientTestConnectionTest" classname="Tests.Unit.ClientTestConnectionTest" assertions="1" time="0.000250"/>
        <testcase name="testTestConnectionCallsPropertyService" file="E:\CodifyTech\Innochannel\sdk\implementations\php\tests\Unit\ClientTestConnectionTest.php" line="31" class="Tests\Unit\ClientTestConnectionTest" classname="Tests.Unit.ClientTestConnectionTest" assertions="1" time="0.010763"/>
        <testcase name="testTestConnectionWithoutData" file="E:\CodifyTech\Innochannel\sdk\implementations\php\tests\Unit\ClientTestConnectionTest.php" line="57" class="Tests\Unit\ClientTestConnectionTest" classname="Tests.Unit.ClientTestConnectionTest" assertions="1" time="0.000174"/>
      </testsuite>
      <testsuite name="Tests\Unit\Events\EventManagerTest" file="E:\CodifyTech\Innochannel\sdk\implementations\php\tests\Unit\Events\EventManagerTest.php" tests="9" assertions="11" errors="0" failures="0" skipped="0" time="0.006561">
        <testcase name="testSingletonInstance" file="E:\CodifyTech\Innochannel\sdk\implementations\php\tests\Unit\Events\EventManagerTest.php" line="31" class="Tests\Unit\Events\EventManagerTest" classname="Tests.Unit.Events.EventManagerTest" assertions="1" time="0.000627"/>
        <testcase name="testAddListener" file="E:\CodifyTech\Innochannel\sdk\implementations\php\tests\Unit\Events\EventManagerTest.php" line="39" class="Tests\Unit\Events\EventManagerTest" classname="Tests.Unit.Events.EventManagerTest" assertions="1" time="0.005152"/>
        <testcase name="testRemoveListener" file="E:\CodifyTech\Innochannel\sdk\implementations\php\tests\Unit\Events\EventManagerTest.php" line="54" class="Tests\Unit\Events\EventManagerTest" classname="Tests.Unit.Events.EventManagerTest" assertions="1" time="0.000253"/>
        <testcase name="testClearListeners" file="E:\CodifyTech\Innochannel\sdk\implementations\php\tests\Unit\Events\EventManagerTest.php" line="70" class="Tests\Unit\Events\EventManagerTest" classname="Tests.Unit.Events.EventManagerTest" assertions="1" time="0.000105"/>
        <testcase name="testDisableEvents" file="E:\CodifyTech\Innochannel\sdk\implementations\php\tests\Unit\Events\EventManagerTest.php" line="86" class="Tests\Unit\Events\EventManagerTest" classname="Tests.Unit.Events.EventManagerTest" assertions="1" time="0.000081"/>
        <testcase name="testEnableEvents" file="E:\CodifyTech\Innochannel\sdk\implementations\php\tests\Unit\Events\EventManagerTest.php" line="102" class="Tests\Unit\Events\EventManagerTest" classname="Tests.Unit.Events.EventManagerTest" assertions="1" time="0.000081"/>
        <testcase name="testWithoutEvents" file="E:\CodifyTech\Innochannel\sdk\implementations\php\tests\Unit\Events\EventManagerTest.php" line="119" class="Tests\Unit\Events\EventManagerTest" classname="Tests.Unit.Events.EventManagerTest" assertions="2" time="0.000084"/>
        <testcase name="testMultipleListeners" file="E:\CodifyTech\Innochannel\sdk\implementations\php\tests\Unit\Events\EventManagerTest.php" line="138" class="Tests\Unit\Events\EventManagerTest" classname="Tests.Unit.Events.EventManagerTest" assertions="2" time="0.000086"/>
        <testcase name="testEventWithData" file="E:\CodifyTech\Innochannel\sdk\implementations\php\tests\Unit\Events\EventManagerTest.php" line="161" class="Tests\Unit\Events\EventManagerTest" classname="Tests.Unit.Events.EventManagerTest" assertions="1" time="0.000093"/>
      </testsuite>
      <testsuite name="Tests\Unit\Models\ReservationTest" file="E:\CodifyTech\Innochannel\sdk\implementations\php\tests\Unit\Models\ReservationTest.php" tests="12" assertions="34" errors="0" failures="0" skipped="0" time="0.003873">
        <testcase name="testReservationCreation" file="E:\CodifyTech\Innochannel\sdk\implementations\php\tests\Unit\Models\ReservationTest.php" line="59" class="Tests\Unit\Models\ReservationTest" classname="Tests.Unit.Models.ReservationTest" assertions="5" time="0.001588"/>
        <testcase name="testReservationCreatedEvent" file="E:\CodifyTech\Innochannel\sdk\implementations\php\tests\Unit\Models\ReservationTest.php" line="70" class="Tests\Unit\Models\ReservationTest" classname="Tests.Unit.Models.ReservationTest" assertions="1" time="0.000130"/>
        <testcase name="testReservationUpdatedEvent" file="E:\CodifyTech\Innochannel\sdk\implementations\php\tests\Unit\Models\ReservationTest.php" line="82" class="Tests\Unit\Models\ReservationTest" classname="Tests.Unit.Models.ReservationTest" assertions="2" time="0.000115"/>
        <testcase name="testReservationStatusEvents" file="E:\CodifyTech\Innochannel\sdk\implementations\php\tests\Unit\Models\ReservationTest.php" line="97" class="Tests\Unit\Models\ReservationTest" classname="Tests.Unit.Models.ReservationTest" assertions="2" time="0.000355"/>
        <testcase name="testReservationDeletedEvent" file="E:\CodifyTech\Innochannel\sdk\implementations\php\tests\Unit\Models\ReservationTest.php" line="118" class="Tests\Unit\Models\ReservationTest" classname="Tests.Unit.Models.ReservationTest" assertions="1" time="0.000225"/>
        <testcase name="testToArray" file="E:\CodifyTech\Innochannel\sdk\implementations\php\tests\Unit\Models\ReservationTest.php" line="132" class="Tests\Unit\Models\ReservationTest" classname="Tests.Unit.Models.ReservationTest" assertions="3" time="0.000348"/>
        <testcase name="testFromArray" file="E:\CodifyTech\Innochannel\sdk\implementations\php\tests\Unit\Models\ReservationTest.php" line="142" class="Tests\Unit\Models\ReservationTest" classname="Tests.Unit.Models.ReservationTest" assertions="3" time="0.000122"/>
        <testcase name="testFillFromArray" file="E:\CodifyTech\Innochannel\sdk\implementations\php\tests\Unit\Models\ReservationTest.php" line="151" class="Tests\Unit\Models\ReservationTest" classname="Tests.Unit.Models.ReservationTest" assertions="3" time="0.000110"/>
        <testcase name="testDisableEvents" file="E:\CodifyTech\Innochannel\sdk\implementations\php\tests\Unit\Models\ReservationTest.php" line="167" class="Tests\Unit\Models\ReservationTest" classname="Tests.Unit.Models.ReservationTest" assertions="2" time="0.000102"/>
        <testcase name="testWithoutEvents" file="E:\CodifyTech\Innochannel\sdk\implementations\php\tests\Unit\Models\ReservationTest.php" line="183" class="Tests\Unit\Models\ReservationTest" classname="Tests.Unit.Models.ReservationTest" assertions="2" time="0.000102"/>
        <testcase name="testDirtyTracking" file="E:\CodifyTech\Innochannel\sdk\implementations\php\tests\Unit\Models\ReservationTest.php" line="200" class="Tests\Unit\Models\ReservationTest" classname="Tests.Unit.Models.ReservationTest" assertions="6" time="0.000543"/>
        <testcase name="testDateConversion" file="E:\CodifyTech\Innochannel\sdk\implementations\php\tests\Unit\Models\ReservationTest.php" line="216" class="Tests\Unit\Models\ReservationTest" classname="Tests.Unit.Models.ReservationTest" assertions="4" time="0.000133"/>
      </testsuite>
      <testsuite name="Innochannel\Sdk\Tests\Unit\Services\PropertyServiceTest" file="E:\CodifyTech\Innochannel\sdk\implementations\php\tests\Unit\Services\PropertyServiceTest.php" tests="24" assertions="51" errors="0" failures="0" skipped="0" time="0.006757">
        <testcase name="testCreatePropertySuccess" file="E:\CodifyTech\Innochannel\sdk\implementations\php\tests\Unit\Services\PropertyServiceTest.php" line="115" class="Innochannel\Sdk\Tests\Unit\Services\PropertyServiceTest" classname="Innochannel.Sdk.Tests.Unit.Services.PropertyServiceTest" assertions="2" time="0.002524"/>
        <testcase name="testCreatePropertyValidationFailure" file="E:\CodifyTech\Innochannel\sdk\implementations\php\tests\Unit\Services\PropertyServiceTest.php" line="149" class="Innochannel\Sdk\Tests\Unit\Services\PropertyServiceTest" classname="Innochannel.Sdk.Tests.Unit.Services.PropertyServiceTest" assertions="1" time="0.000136"/>
        <testcase name="testGetPropertySuccess" file="E:\CodifyTech\Innochannel\sdk\implementations\php\tests\Unit\Services\PropertyServiceTest.php" line="173" class="Innochannel\Sdk\Tests\Unit\Services\PropertyServiceTest" classname="Innochannel.Sdk.Tests.Unit.Services.PropertyServiceTest" assertions="2" time="0.000154"/>
        <testcase name="testGetPropertyNotFound" file="E:\CodifyTech\Innochannel\sdk\implementations\php\tests\Unit\Services\PropertyServiceTest.php" line="190" class="Innochannel\Sdk\Tests\Unit\Services\PropertyServiceTest" classname="Innochannel.Sdk.Tests.Unit.Services.PropertyServiceTest" assertions="1" time="0.000109"/>
        <testcase name="testListPropertiesWithDefaultFilters" file="E:\CodifyTech\Innochannel\sdk\implementations\php\tests\Unit\Services\PropertyServiceTest.php" line="203" class="Innochannel\Sdk\Tests\Unit\Services\PropertyServiceTest" classname="Innochannel.Sdk.Tests.Unit.Services.PropertyServiceTest" assertions="4" time="0.000342"/>
        <testcase name="testListPropertiesWithCustomFilters" file="E:\CodifyTech\Innochannel\sdk\implementations\php\tests\Unit\Services\PropertyServiceTest.php" line="226" class="Innochannel\Sdk\Tests\Unit\Services\PropertyServiceTest" classname="Innochannel.Sdk.Tests.Unit.Services.PropertyServiceTest" assertions="4" time="0.000151"/>
        <testcase name="testUpdatePropertySuccess" file="E:\CodifyTech\Innochannel\sdk\implementations\php\tests\Unit\Services\PropertyServiceTest.php" line="256" class="Innochannel\Sdk\Tests\Unit\Services\PropertyServiceTest" classname="Innochannel.Sdk.Tests.Unit.Services.PropertyServiceTest" assertions="2" time="0.000130"/>
        <testcase name="testUpdatePropertyValidationFailure" file="E:\CodifyTech\Innochannel\sdk\implementations\php\tests\Unit\Services\PropertyServiceTest.php" line="278" class="Innochannel\Sdk\Tests\Unit\Services\PropertyServiceTest" classname="Innochannel.Sdk.Tests.Unit.Services.PropertyServiceTest" assertions="1" time="0.000084"/>
        <testcase name="testDeletePropertySuccess" file="E:\CodifyTech\Innochannel\sdk\implementations\php\tests\Unit\Services\PropertyServiceTest.php" line="292" class="Innochannel\Sdk\Tests\Unit\Services\PropertyServiceTest" classname="Innochannel.Sdk.Tests.Unit.Services.PropertyServiceTest" assertions="1" time="0.000094"/>
        <testcase name="testCreateRoomSuccess" file="E:\CodifyTech\Innochannel\sdk\implementations\php\tests\Unit\Services\PropertyServiceTest.php" line="306" class="Innochannel\Sdk\Tests\Unit\Services\PropertyServiceTest" classname="Innochannel.Sdk.Tests.Unit.Services.PropertyServiceTest" assertions="2" time="0.000442"/>
        <testcase name="testCreateRoomValidationFailure" file="E:\CodifyTech\Innochannel\sdk\implementations\php\tests\Unit\Services\PropertyServiceTest.php" line="337" class="Innochannel\Sdk\Tests\Unit\Services\PropertyServiceTest" classname="Innochannel.Sdk.Tests.Unit.Services.PropertyServiceTest" assertions="1" time="0.000093"/>
        <testcase name="testListRoomsSuccess" file="E:\CodifyTech\Innochannel\sdk\implementations\php\tests\Unit\Services\PropertyServiceTest.php" line="359" class="Innochannel\Sdk\Tests\Unit\Services\PropertyServiceTest" classname="Innochannel.Sdk.Tests.Unit.Services.PropertyServiceTest" assertions="4" time="0.000134"/>
        <testcase name="testListRoomsWithFilters" file="E:\CodifyTech\Innochannel\sdk\implementations\php\tests\Unit\Services\PropertyServiceTest.php" line="380" class="Innochannel\Sdk\Tests\Unit\Services\PropertyServiceTest" classname="Innochannel.Sdk.Tests.Unit.Services.PropertyServiceTest" assertions="4" time="0.000123"/>
        <testcase name="testGetRoomSuccess" file="E:\CodifyTech\Innochannel\sdk\implementations\php\tests\Unit\Services\PropertyServiceTest.php" line="402" class="Innochannel\Sdk\Tests\Unit\Services\PropertyServiceTest" classname="Innochannel.Sdk.Tests.Unit.Services.PropertyServiceTest" assertions="2" time="0.000107"/>
        <testcase name="testUpdateRoomSuccess" file="E:\CodifyTech\Innochannel\sdk\implementations\php\tests\Unit\Services\PropertyServiceTest.php" line="419" class="Innochannel\Sdk\Tests\Unit\Services\PropertyServiceTest" classname="Innochannel.Sdk.Tests.Unit.Services.PropertyServiceTest" assertions="2" time="0.000107"/>
        <testcase name="testDeleteRoomSuccess" file="E:\CodifyTech\Innochannel\sdk\implementations\php\tests\Unit\Services\PropertyServiceTest.php" line="441" class="Innochannel\Sdk\Tests\Unit\Services\PropertyServiceTest" classname="Innochannel.Sdk.Tests.Unit.Services.PropertyServiceTest" assertions="1" time="0.000081"/>
        <testcase name="testCreateRatePlanSuccess" file="E:\CodifyTech\Innochannel\sdk\implementations\php\tests\Unit\Services\PropertyServiceTest.php" line="455" class="Innochannel\Sdk\Tests\Unit\Services\PropertyServiceTest" classname="Innochannel.Sdk.Tests.Unit.Services.PropertyServiceTest" assertions="3" time="0.001034"/>
        <testcase name="testCreateRatePlanValidationFailure" file="E:\CodifyTech\Innochannel\sdk\implementations\php\tests\Unit\Services\PropertyServiceTest.php" line="493" class="Innochannel\Sdk\Tests\Unit\Services\PropertyServiceTest" classname="Innochannel.Sdk.Tests.Unit.Services.PropertyServiceTest" assertions="1" time="0.000156"/>
        <testcase name="testListRatePlansSuccess" file="E:\CodifyTech\Innochannel\sdk\implementations\php\tests\Unit\Services\PropertyServiceTest.php" line="520" class="Innochannel\Sdk\Tests\Unit\Services\PropertyServiceTest" classname="Innochannel.Sdk.Tests.Unit.Services.PropertyServiceTest" assertions="4" time="0.000207"/>
        <testcase name="testGetRatePlanSuccess" file="E:\CodifyTech\Innochannel\sdk\implementations\php\tests\Unit\Services\PropertyServiceTest.php" line="541" class="Innochannel\Sdk\Tests\Unit\Services\PropertyServiceTest" classname="Innochannel.Sdk.Tests.Unit.Services.PropertyServiceTest" assertions="3" time="0.000133"/>
        <testcase name="testUpdateRatePlanSuccess" file="E:\CodifyTech\Innochannel\sdk\implementations\php\tests\Unit\Services\PropertyServiceTest.php" line="559" class="Innochannel\Sdk\Tests\Unit\Services\PropertyServiceTest" classname="Innochannel.Sdk.Tests.Unit.Services.PropertyServiceTest" assertions="3" time="0.000124"/>
        <testcase name="testDeleteRatePlanSuccess" file="E:\CodifyTech\Innochannel\sdk\implementations\php\tests\Unit\Services\PropertyServiceTest.php" line="583" class="Innochannel\Sdk\Tests\Unit\Services\PropertyServiceTest" classname="Innochannel.Sdk.Tests.Unit.Services.PropertyServiceTest" assertions="1" time="0.000087"/>
        <testcase name="testTestPmsConnectionSuccess" file="E:\CodifyTech\Innochannel\sdk\implementations\php\tests\Unit\Services\PropertyServiceTest.php" line="597" class="Innochannel\Sdk\Tests\Unit\Services\PropertyServiceTest" classname="Innochannel.Sdk.Tests.Unit.Services.PropertyServiceTest" assertions="1" time="0.000110"/>
        <testcase name="testSyncWithPmsSuccess" file="E:\CodifyTech\Innochannel\sdk\implementations\php\tests\Unit\Services\PropertyServiceTest.php" line="623" class="Innochannel\Sdk\Tests\Unit\Services\PropertyServiceTest" classname="Innochannel.Sdk.Tests.Unit.Services.PropertyServiceTest" assertions="1" time="0.000096"/>
      </testsuite>
      <testsuite name="Tests\Unit\Services\ReservationServiceTest" file="E:\CodifyTech\Innochannel\sdk\implementations\php\tests\Unit\Services\ReservationServiceTest.php" tests="14" assertions="24" errors="0" failures="0" skipped="0" time="0.002234">
        <testcase name="testCreateReservationSuccess" file="E:\CodifyTech\Innochannel\sdk\implementations\php\tests\Unit\Services\ReservationServiceTest.php" line="69" class="Tests\Unit\Services\ReservationServiceTest" classname="Tests.Unit.Services.ReservationServiceTest" assertions="2" time="0.000407"/>
        <testcase name="testCreateReservationValidationFailure" file="E:\CodifyTech\Innochannel\sdk\implementations\php\tests\Unit\Services\ReservationServiceTest.php" line="100" class="Tests\Unit\Services\ReservationServiceTest" classname="Tests.Unit.Services.ReservationServiceTest" assertions="2" time="0.000307"/>
        <testcase name="testGetReservationSuccess" file="E:\CodifyTech\Innochannel\sdk\implementations\php\tests\Unit\Services\ReservationServiceTest.php" line="122" class="Tests\Unit\Services\ReservationServiceTest" classname="Tests.Unit.Services.ReservationServiceTest" assertions="2" time="0.000169"/>
        <testcase name="testGetReservationNotFound" file="E:\CodifyTech\Innochannel\sdk\implementations\php\tests\Unit\Services\ReservationServiceTest.php" line="139" class="Tests\Unit\Services\ReservationServiceTest" classname="Tests.Unit.Services.ReservationServiceTest" assertions="1" time="0.000101"/>
        <testcase name="testListReservationsWithDefaultFilters" file="E:\CodifyTech\Innochannel\sdk\implementations\php\tests\Unit\Services\ReservationServiceTest.php" line="152" class="Tests\Unit\Services\ReservationServiceTest" classname="Tests.Unit.Services.ReservationServiceTest" assertions="3" time="0.000163"/>
        <testcase name="testListReservationsWithCustomFilters" file="E:\CodifyTech\Innochannel\sdk\implementations\php\tests\Unit\Services\ReservationServiceTest.php" line="176" class="Tests\Unit\Services\ReservationServiceTest" classname="Tests.Unit.Services.ReservationServiceTest" assertions="2" time="0.000141"/>
        <testcase name="testUpdateReservationSuccess" file="E:\CodifyTech\Innochannel\sdk\implementations\php\tests\Unit\Services\ReservationServiceTest.php" line="209" class="Tests\Unit\Services\ReservationServiceTest" classname="Tests.Unit.Services.ReservationServiceTest" assertions="1" time="0.000127"/>
        <testcase name="testUpdateReservationValidationFailure" file="E:\CodifyTech\Innochannel\sdk\implementations\php\tests\Unit\Services\ReservationServiceTest.php" line="231" class="Tests\Unit\Services\ReservationServiceTest" classname="Tests.Unit.Services.ReservationServiceTest" assertions="1" time="0.000106"/>
        <testcase name="testCancelReservationSuccess" file="E:\CodifyTech\Innochannel\sdk\implementations\php\tests\Unit\Services\ReservationServiceTest.php" line="250" class="Tests\Unit\Services\ReservationServiceTest" classname="Tests.Unit.Services.ReservationServiceTest" assertions="1" time="0.000091"/>
        <testcase name="testConfirmReservationSuccess" file="E:\CodifyTech\Innochannel\sdk\implementations\php\tests\Unit\Services\ReservationServiceTest.php" line="270" class="Tests\Unit\Services\ReservationServiceTest" classname="Tests.Unit.Services.ReservationServiceTest" assertions="2" time="0.000135"/>
        <testcase name="testModifyReservationSuccess" file="E:\CodifyTech\Innochannel\sdk\implementations\php\tests\Unit\Services\ReservationServiceTest.php" line="296" class="Tests\Unit\Services\ReservationServiceTest" classname="Tests.Unit.Services.ReservationServiceTest" assertions="1" time="0.000125"/>
        <testcase name="testModifyReservationValidationFailure" file="E:\CodifyTech\Innochannel\sdk\implementations\php\tests\Unit\Services\ReservationServiceTest.php" line="319" class="Tests\Unit\Services\ReservationServiceTest" classname="Tests.Unit.Services.ReservationServiceTest" assertions="1" time="0.000089"/>
        <testcase name="testGetReservationHistorySuccess" file="E:\CodifyTech\Innochannel\sdk\implementations\php\tests\Unit\Services\ReservationServiceTest.php" line="339" class="Tests\Unit\Services\ReservationServiceTest" classname="Tests.Unit.Services.ReservationServiceTest" assertions="2" time="0.000151"/>
        <testcase name="testSyncReservationWithPmsSuccess" file="E:\CodifyTech\Innochannel\sdk\implementations\php\tests\Unit\Services\ReservationServiceTest.php" line="372" class="Tests\Unit\Services\ReservationServiceTest" classname="Tests.Unit.Services.ReservationServiceTest" assertions="3" time="0.000121"/>
      </testsuite>
      <testsuite name="Tests\Unit\Traits\HasEventsTest" file="E:\CodifyTech\Innochannel\sdk\implementations\php\tests\Unit\Traits\HasEventsTest.php" tests="8" assertions="19" errors="0" failures="0" skipped="0" time="0.001174">
        <testcase name="testInitializeEvents" file="E:\CodifyTech\Innochannel\sdk\implementations\php\tests\Unit\Traits\HasEventsTest.php" line="35" class="Tests\Unit\Traits\HasEventsTest" classname="Tests.Unit.Traits.HasEventsTest" assertions="2" time="0.000691"/>
        <testcase name="testEnableDisableEvents" file="E:\CodifyTech\Innochannel\sdk\implementations\php\tests\Unit\Traits\HasEventsTest.php" line="41" class="Tests\Unit\Traits\HasEventsTest" classname="Tests.Unit.Traits.HasEventsTest" assertions="3" time="0.000078"/>
        <testcase name="testIsDirty" file="E:\CodifyTech\Innochannel\sdk\implementations\php\tests\Unit\Traits\HasEventsTest.php" line="52" class="Tests\Unit\Traits\HasEventsTest" classname="Tests.Unit.Traits.HasEventsTest" assertions="2" time="0.000059"/>
        <testcase name="testGetChanges" file="E:\CodifyTech\Innochannel\sdk\implementations\php\tests\Unit\Traits\HasEventsTest.php" line="60" class="Tests\Unit\Traits\HasEventsTest" classname="Tests.Unit.Traits.HasEventsTest" assertions="4" time="0.000097"/>
        <testcase name="testFireEvent" file="E:\CodifyTech\Innochannel\sdk\implementations\php\tests\Unit\Traits\HasEventsTest.php" line="72" class="Tests\Unit\Traits\HasEventsTest" classname="Tests.Unit.Traits.HasEventsTest" assertions="1" time="0.000064"/>
        <testcase name="testFireEventWhenDisabled" file="E:\CodifyTech\Innochannel\sdk\implementations\php\tests\Unit\Traits\HasEventsTest.php" line="83" class="Tests\Unit\Traits\HasEventsTest" classname="Tests.Unit.Traits.HasEventsTest" assertions="1" time="0.000057"/>
        <testcase name="testWithoutEvents" file="E:\CodifyTech\Innochannel\sdk\implementations\php\tests\Unit\Traits\HasEventsTest.php" line="95" class="Tests\Unit\Traits\HasEventsTest" classname="Tests.Unit.Traits.HasEventsTest" assertions="3" time="0.000063"/>
        <testcase name="testSyncOriginalAttributes" file="E:\CodifyTech\Innochannel\sdk\implementations\php\tests\Unit\Traits\HasEventsTest.php" line="112" class="Tests\Unit\Traits\HasEventsTest" classname="Tests.Unit.Traits.HasEventsTest" assertions="3" time="0.000063"/>
      </testsuite>
    </testsuite>
  </testsuite>
</testsuites>
