<?xml version="1.0" encoding="UTF-8"?>
<testsuites>
  <testsuite name="Innochannel\Sdk\Tests\Unit\Services\PropertyServiceTest" file="E:\CodifyTech\Innochannel\sdk\implementations\php\tests\Unit\Services\PropertyServiceTest.php" tests="24" assertions="49" errors="1" failures="1" skipped="0" time="0.027113">
    <testcase name="testCreatePropertySuccess" file="E:\CodifyTech\Innochannel\sdk\implementations\php\tests\Unit\Services\PropertyServiceTest.php" line="115" class="Innochannel\Sdk\Tests\Unit\Services\PropertyServiceTest" classname="Innochannel.Sdk.Tests.Unit.Services.PropertyServiceTest" assertions="0" time="0.017101">
      <error type="Innochannel\Sdk\Exceptions\ValidationException">Innochannel\Sdk\Tests\Unit\Services\PropertyServiceTest::testCreatePropertySuccess&#13;
Innochannel\Sdk\Exceptions\ValidationException: Property validation failed
&#13;
E:\CodifyTech\Innochannel\sdk\implementations\php\src\Services\PropertyService.php:484
E:\CodifyTech\Innochannel\sdk\implementations\php\src\Services\PropertyService.php:40
E:\CodifyTech\Innochannel\sdk\implementations\php\tests\Unit\Services\PropertyServiceTest.php:143</error>
    </testcase>
    <testcase name="testCreatePropertyValidationFailure" file="E:\CodifyTech\Innochannel\sdk\implementations\php\tests\Unit\Services\PropertyServiceTest.php" line="149" class="Innochannel\Sdk\Tests\Unit\Services\PropertyServiceTest" classname="Innochannel.Sdk.Tests.Unit.Services.PropertyServiceTest" assertions="1" time="0.001590"/>
    <testcase name="testGetPropertySuccess" file="E:\CodifyTech\Innochannel\sdk\implementations\php\tests\Unit\Services\PropertyServiceTest.php" line="173" class="Innochannel\Sdk\Tests\Unit\Services\PropertyServiceTest" classname="Innochannel.Sdk.Tests.Unit.Services.PropertyServiceTest" assertions="2" time="0.001395"/>
    <testcase name="testGetPropertyNotFound" file="E:\CodifyTech\Innochannel\sdk\implementations\php\tests\Unit\Services\PropertyServiceTest.php" line="190" class="Innochannel\Sdk\Tests\Unit\Services\PropertyServiceTest" classname="Innochannel.Sdk.Tests.Unit.Services.PropertyServiceTest" assertions="1" time="0.000295"/>
    <testcase name="testListPropertiesWithDefaultFilters" file="E:\CodifyTech\Innochannel\sdk\implementations\php\tests\Unit\Services\PropertyServiceTest.php" line="203" class="Innochannel\Sdk\Tests\Unit\Services\PropertyServiceTest" classname="Innochannel.Sdk.Tests.Unit.Services.PropertyServiceTest" assertions="4" time="0.000841"/>
    <testcase name="testListPropertiesWithCustomFilters" file="E:\CodifyTech\Innochannel\sdk\implementations\php\tests\Unit\Services\PropertyServiceTest.php" line="226" class="Innochannel\Sdk\Tests\Unit\Services\PropertyServiceTest" classname="Innochannel.Sdk.Tests.Unit.Services.PropertyServiceTest" assertions="4" time="0.000223"/>
    <testcase name="testUpdatePropertySuccess" file="E:\CodifyTech\Innochannel\sdk\implementations\php\tests\Unit\Services\PropertyServiceTest.php" line="256" class="Innochannel\Sdk\Tests\Unit\Services\PropertyServiceTest" classname="Innochannel.Sdk.Tests.Unit.Services.PropertyServiceTest" assertions="2" time="0.000158"/>
    <testcase name="testUpdatePropertyValidationFailure" file="E:\CodifyTech\Innochannel\sdk\implementations\php\tests\Unit\Services\PropertyServiceTest.php" line="278" class="Innochannel\Sdk\Tests\Unit\Services\PropertyServiceTest" classname="Innochannel.Sdk.Tests.Unit.Services.PropertyServiceTest" assertions="1" time="0.001023">
      <failure type="PHPUnit\Framework\ExpectationFailedException">Innochannel\Sdk\Tests\Unit\Services\PropertyServiceTest::testUpdatePropertyValidationFailure&#13;
Failed asserting that exception of type "Mockery\Exception\BadMethodCallException" matches expected exception "Innochannel\Sdk\Exceptions\ValidationException". Message was: "Received Mockery_0_Innochannel_Sdk_Client::put(), but no expectations were specified" at
E:\CodifyTech\Innochannel\sdk\implementations\php\src\Services\PropertyService.php:91
E:\CodifyTech\Innochannel\sdk\implementations\php\tests\Unit\Services\PropertyServiceTest.php:289
.</failure>
    </testcase>
    <testcase name="testDeletePropertySuccess" file="E:\CodifyTech\Innochannel\sdk\implementations\php\tests\Unit\Services\PropertyServiceTest.php" line="292" class="Innochannel\Sdk\Tests\Unit\Services\PropertyServiceTest" classname="Innochannel.Sdk.Tests.Unit.Services.PropertyServiceTest" assertions="1" time="0.000332"/>
    <testcase name="testCreateRoomSuccess" file="E:\CodifyTech\Innochannel\sdk\implementations\php\tests\Unit\Services\PropertyServiceTest.php" line="306" class="Innochannel\Sdk\Tests\Unit\Services\PropertyServiceTest" classname="Innochannel.Sdk.Tests.Unit.Services.PropertyServiceTest" assertions="2" time="0.000578"/>
    <testcase name="testCreateRoomValidationFailure" file="E:\CodifyTech\Innochannel\sdk\implementations\php\tests\Unit\Services\PropertyServiceTest.php" line="337" class="Innochannel\Sdk\Tests\Unit\Services\PropertyServiceTest" classname="Innochannel.Sdk.Tests.Unit.Services.PropertyServiceTest" assertions="1" time="0.000133"/>
    <testcase name="testListRoomsSuccess" file="E:\CodifyTech\Innochannel\sdk\implementations\php\tests\Unit\Services\PropertyServiceTest.php" line="359" class="Innochannel\Sdk\Tests\Unit\Services\PropertyServiceTest" classname="Innochannel.Sdk.Tests.Unit.Services.PropertyServiceTest" assertions="4" time="0.000200"/>
    <testcase name="testListRoomsWithFilters" file="E:\CodifyTech\Innochannel\sdk\implementations\php\tests\Unit\Services\PropertyServiceTest.php" line="380" class="Innochannel\Sdk\Tests\Unit\Services\PropertyServiceTest" classname="Innochannel.Sdk.Tests.Unit.Services.PropertyServiceTest" assertions="4" time="0.000154"/>
    <testcase name="testGetRoomSuccess" file="E:\CodifyTech\Innochannel\sdk\implementations\php\tests\Unit\Services\PropertyServiceTest.php" line="402" class="Innochannel\Sdk\Tests\Unit\Services\PropertyServiceTest" classname="Innochannel.Sdk.Tests.Unit.Services.PropertyServiceTest" assertions="2" time="0.000228"/>
    <testcase name="testUpdateRoomSuccess" file="E:\CodifyTech\Innochannel\sdk\implementations\php\tests\Unit\Services\PropertyServiceTest.php" line="419" class="Innochannel\Sdk\Tests\Unit\Services\PropertyServiceTest" classname="Innochannel.Sdk.Tests.Unit.Services.PropertyServiceTest" assertions="2" time="0.000204"/>
    <testcase name="testDeleteRoomSuccess" file="E:\CodifyTech\Innochannel\sdk\implementations\php\tests\Unit\Services\PropertyServiceTest.php" line="441" class="Innochannel\Sdk\Tests\Unit\Services\PropertyServiceTest" classname="Innochannel.Sdk.Tests.Unit.Services.PropertyServiceTest" assertions="1" time="0.000103"/>
    <testcase name="testCreateRatePlanSuccess" file="E:\CodifyTech\Innochannel\sdk\implementations\php\tests\Unit\Services\PropertyServiceTest.php" line="455" class="Innochannel\Sdk\Tests\Unit\Services\PropertyServiceTest" classname="Innochannel.Sdk.Tests.Unit.Services.PropertyServiceTest" assertions="3" time="0.001319"/>
    <testcase name="testCreateRatePlanValidationFailure" file="E:\CodifyTech\Innochannel\sdk\implementations\php\tests\Unit\Services\PropertyServiceTest.php" line="493" class="Innochannel\Sdk\Tests\Unit\Services\PropertyServiceTest" classname="Innochannel.Sdk.Tests.Unit.Services.PropertyServiceTest" assertions="1" time="0.000211"/>
    <testcase name="testListRatePlansSuccess" file="E:\CodifyTech\Innochannel\sdk\implementations\php\tests\Unit\Services\PropertyServiceTest.php" line="520" class="Innochannel\Sdk\Tests\Unit\Services\PropertyServiceTest" classname="Innochannel.Sdk.Tests.Unit.Services.PropertyServiceTest" assertions="4" time="0.000200"/>
    <testcase name="testGetRatePlanSuccess" file="E:\CodifyTech\Innochannel\sdk\implementations\php\tests\Unit\Services\PropertyServiceTest.php" line="541" class="Innochannel\Sdk\Tests\Unit\Services\PropertyServiceTest" classname="Innochannel.Sdk.Tests.Unit.Services.PropertyServiceTest" assertions="3" time="0.000199"/>
    <testcase name="testUpdateRatePlanSuccess" file="E:\CodifyTech\Innochannel\sdk\implementations\php\tests\Unit\Services\PropertyServiceTest.php" line="559" class="Innochannel\Sdk\Tests\Unit\Services\PropertyServiceTest" classname="Innochannel.Sdk.Tests.Unit.Services.PropertyServiceTest" assertions="3" time="0.000164"/>
    <testcase name="testDeleteRatePlanSuccess" file="E:\CodifyTech\Innochannel\sdk\implementations\php\tests\Unit\Services\PropertyServiceTest.php" line="583" class="Innochannel\Sdk\Tests\Unit\Services\PropertyServiceTest" classname="Innochannel.Sdk.Tests.Unit.Services.PropertyServiceTest" assertions="1" time="0.000165"/>
    <testcase name="testTestPmsConnectionSuccess" file="E:\CodifyTech\Innochannel\sdk\implementations\php\tests\Unit\Services\PropertyServiceTest.php" line="597" class="Innochannel\Sdk\Tests\Unit\Services\PropertyServiceTest" classname="Innochannel.Sdk.Tests.Unit.Services.PropertyServiceTest" assertions="1" time="0.000129"/>
    <testcase name="testSyncWithPmsSuccess" file="E:\CodifyTech\Innochannel\sdk\implementations\php\tests\Unit\Services\PropertyServiceTest.php" line="623" class="Innochannel\Sdk\Tests\Unit\Services\PropertyServiceTest" classname="Innochannel.Sdk.Tests.Unit.Services.PropertyServiceTest" assertions="1" time="0.000169"/>
  </testsuite>
</testsuites>
