<?xml version="1.0" encoding="UTF-8"?>
<testsuites>
  <testsuite name="E:\CodifyTech\backend\innochannel-api-back\sdk\implementations\php\phpunit.xml" tests="106" assertions="180" errors="0" failures="0" skipped="0" time="0.148784">
    <testsuite name="Unit" tests="106" assertions="180" errors="0" failures="0" skipped="0" time="0.148784">
      <testsuite name="Innochannel\Sdk\Tests\Unit\ClientTest" file="E:\CodifyTech\backend\innochannel-api-back\sdk\implementations\php\tests\Unit\ClientTest.php" tests="26" assertions="33" errors="0" failures="0" skipped="0" time="0.122720">
        <testcase name="testConstructorWithDefaultHttpClient" file="E:\CodifyTech\backend\innochannel-api-back\sdk\implementations\php\tests\Unit\ClientTest.php" line="62" class="Innochannel\Sdk\Tests\Unit\ClientTest" classname="Innochannel.Sdk.Tests.Unit.ClientTest" assertions="1" time="0.008283"/>
        <testcase name="testConstructorWithCustomHttpClient" file="E:\CodifyTech\backend\innochannel-api-back\sdk\implementations\php\tests\Unit\ClientTest.php" line="68" class="Innochannel\Sdk\Tests\Unit\ClientTest" classname="Innochannel.Sdk.Tests.Unit.ClientTest" assertions="1" time="0.000145"/>
        <testcase name="testGetRequestSuccess" file="E:\CodifyTech\backend\innochannel-api-back\sdk\implementations\php\tests\Unit\ClientTest.php" line="75" class="Innochannel\Sdk\Tests\Unit\ClientTest" classname="Innochannel.Sdk.Tests.Unit.ClientTest" assertions="1" time="0.003431"/>
        <testcase name="testGetRequestWithQueryParameters" file="E:\CodifyTech\backend\innochannel-api-back\sdk\implementations\php\tests\Unit\ClientTest.php" line="87" class="Innochannel\Sdk\Tests\Unit\ClientTest" classname="Innochannel.Sdk.Tests.Unit.ClientTest" assertions="1" time="0.000374"/>
        <testcase name="testPostRequestSuccess" file="E:\CodifyTech\backend\innochannel-api-back\sdk\implementations\php\tests\Unit\ClientTest.php" line="100" class="Innochannel\Sdk\Tests\Unit\ClientTest" classname="Innochannel.Sdk.Tests.Unit.ClientTest" assertions="1" time="0.000183"/>
        <testcase name="testPutRequestSuccess" file="E:\CodifyTech\backend\innochannel-api-back\sdk\implementations\php\tests\Unit\ClientTest.php" line="114" class="Innochannel\Sdk\Tests\Unit\ClientTest" classname="Innochannel.Sdk.Tests.Unit.ClientTest" assertions="1" time="0.000148"/>
        <testcase name="testPatchRequestSuccess" file="E:\CodifyTech\backend\innochannel-api-back\sdk\implementations\php\tests\Unit\ClientTest.php" line="128" class="Innochannel\Sdk\Tests\Unit\ClientTest" classname="Innochannel.Sdk.Tests.Unit.ClientTest" assertions="1" time="0.000135"/>
        <testcase name="testDeleteRequestSuccess" file="E:\CodifyTech\backend\innochannel-api-back\sdk\implementations\php\tests\Unit\ClientTest.php" line="142" class="Innochannel\Sdk\Tests\Unit\ClientTest" classname="Innochannel.Sdk.Tests.Unit.ClientTest" assertions="1" time="0.000257"/>
        <testcase name="testDeleteRequestWithContent" file="E:\CodifyTech\backend\innochannel-api-back\sdk\implementations\php\tests\Unit\ClientTest.php" line="151" class="Innochannel\Sdk\Tests\Unit\ClientTest" classname="Innochannel.Sdk.Tests.Unit.ClientTest" assertions="1" time="0.000144"/>
        <testcase name="testAuthenticationExceptionOn401" file="E:\CodifyTech\backend\innochannel-api-back\sdk\implementations\php\tests\Unit\ClientTest.php" line="163" class="Innochannel\Sdk\Tests\Unit\ClientTest" classname="Innochannel.Sdk.Tests.Unit.ClientTest" assertions="2" time="0.002218"/>
        <testcase name="testValidationExceptionOn400" file="E:\CodifyTech\backend\innochannel-api-back\sdk\implementations\php\tests\Unit\ClientTest.php" line="175" class="Innochannel\Sdk\Tests\Unit\ClientTest" classname="Innochannel.Sdk.Tests.Unit.ClientTest" assertions="2" time="0.000325"/>
        <testcase name="testNotFoundExceptionOn404" file="E:\CodifyTech\backend\innochannel-api-back\sdk\implementations\php\tests\Unit\ClientTest.php" line="195" class="Innochannel\Sdk\Tests\Unit\ClientTest" classname="Innochannel.Sdk.Tests.Unit.ClientTest" assertions="2" time="0.000279"/>
        <testcase name="testRateLimitExceptionOn429" file="E:\CodifyTech\backend\innochannel-api-back\sdk\implementations\php\tests\Unit\ClientTest.php" line="207" class="Innochannel\Sdk\Tests\Unit\ClientTest" classname="Innochannel.Sdk.Tests.Unit.ClientTest" assertions="2" time="0.000281"/>
        <testcase name="testGenericInnochannelExceptionOn500" file="E:\CodifyTech\backend\innochannel-api-back\sdk\implementations\php\tests\Unit\ClientTest.php" line="223" class="Innochannel\Sdk\Tests\Unit\ClientTest" classname="Innochannel.Sdk.Tests.Unit.ClientTest" assertions="2" time="0.000371"/>
        <testcase name="testNetworkException" file="E:\CodifyTech\backend\innochannel-api-back\sdk\implementations\php\tests\Unit\ClientTest.php" line="235" class="Innochannel\Sdk\Tests\Unit\ClientTest" classname="Innochannel.Sdk.Tests.Unit.ClientTest" assertions="2" time="0.000316"/>
        <testcase name="testInvalidJsonResponse" file="E:\CodifyTech\backend\innochannel-api-back\sdk\implementations\php\tests\Unit\ClientTest.php" line="247" class="Innochannel\Sdk\Tests\Unit\ClientTest" classname="Innochannel.Sdk.Tests.Unit.ClientTest" assertions="2" time="0.000184"/>
        <testcase name="testEmptyResponseBody" file="E:\CodifyTech\backend\innochannel-api-back\sdk\implementations\php\tests\Unit\ClientTest.php" line="259" class="Innochannel\Sdk\Tests\Unit\ClientTest" classname="Innochannel.Sdk.Tests.Unit.ClientTest" assertions="1" time="0.000328"/>
        <testcase name="testCustomHeaders" file="E:\CodifyTech\backend\innochannel-api-back\sdk\implementations\php\tests\Unit\ClientTest.php" line="268" class="Innochannel\Sdk\Tests\Unit\ClientTest" classname="Innochannel.Sdk.Tests.Unit.ClientTest" assertions="1" time="0.000196"/>
        <testcase name="testApiKeyAuthentication" file="E:\CodifyTech\backend\innochannel-api-back\sdk\implementations\php\tests\Unit\ClientTest.php" line="280" class="Innochannel\Sdk\Tests\Unit\ClientTest" classname="Innochannel.Sdk.Tests.Unit.ClientTest" assertions="1" time="0.000164"/>
        <testcase name="testRetryMechanism" file="E:\CodifyTech\backend\innochannel-api-back\sdk\implementations\php\tests\Unit\ClientTest.php" line="292" class="Innochannel\Sdk\Tests\Unit\ClientTest" classname="Innochannel.Sdk.Tests.Unit.ClientTest" assertions="1" time="0.103842"/>
        <testcase name="testTimeoutConfiguration" file="E:\CodifyTech\backend\innochannel-api-back\sdk\implementations\php\tests\Unit\ClientTest.php" line="316" class="Innochannel\Sdk\Tests\Unit\ClientTest" classname="Innochannel.Sdk.Tests.Unit.ClientTest" assertions="1" time="0.000176"/>
        <testcase name="testDebugMode" file="E:\CodifyTech\backend\innochannel-api-back\sdk\implementations\php\tests\Unit\ClientTest.php" line="335" class="Innochannel\Sdk\Tests\Unit\ClientTest" classname="Innochannel.Sdk.Tests.Unit.ClientTest" assertions="1" time="0.000093"/>
        <testcase name="testUserAgentHeader" file="E:\CodifyTech\backend\innochannel-api-back\sdk\implementations\php\tests\Unit\ClientTest.php" line="353" class="Innochannel\Sdk\Tests\Unit\ClientTest" classname="Innochannel.Sdk.Tests.Unit.ClientTest" assertions="1" time="0.000438"/>
        <testcase name="testContentTypeHeader" file="E:\CodifyTech\backend\innochannel-api-back\sdk\implementations\php\tests\Unit\ClientTest.php" line="366" class="Innochannel\Sdk\Tests\Unit\ClientTest" classname="Innochannel.Sdk.Tests.Unit.ClientTest" assertions="1" time="0.000174"/>
        <testcase name="testAcceptHeader" file="E:\CodifyTech\backend\innochannel-api-back\sdk\implementations\php\tests\Unit\ClientTest.php" line="378" class="Innochannel\Sdk\Tests\Unit\ClientTest" classname="Innochannel.Sdk.Tests.Unit.ClientTest" assertions="1" time="0.000121"/>
        <testcase name="testAuthorizationHeader" file="E:\CodifyTech\backend\innochannel-api-back\sdk\implementations\php\tests\Unit\ClientTest.php" line="390" class="Innochannel\Sdk\Tests\Unit\ClientTest" classname="Innochannel.Sdk.Tests.Unit.ClientTest" assertions="1" time="0.000113"/>
      </testsuite>
      <testsuite name="Tests\Unit\Events\EventManagerTest" file="E:\CodifyTech\backend\innochannel-api-back\sdk\implementations\php\tests\Unit\Events\EventManagerTest.php" tests="9" assertions="11" errors="0" failures="0" skipped="0" time="0.006892">
        <testcase name="testSingletonInstance" file="E:\CodifyTech\backend\innochannel-api-back\sdk\implementations\php\tests\Unit\Events\EventManagerTest.php" line="31" class="Tests\Unit\Events\EventManagerTest" classname="Tests.Unit.Events.EventManagerTest" assertions="1" time="0.000719"/>
        <testcase name="testAddListener" file="E:\CodifyTech\backend\innochannel-api-back\sdk\implementations\php\tests\Unit\Events\EventManagerTest.php" line="39" class="Tests\Unit\Events\EventManagerTest" classname="Tests.Unit.Events.EventManagerTest" assertions="1" time="0.005431"/>
        <testcase name="testRemoveListener" file="E:\CodifyTech\backend\innochannel-api-back\sdk\implementations\php\tests\Unit\Events\EventManagerTest.php" line="54" class="Tests\Unit\Events\EventManagerTest" classname="Tests.Unit.Events.EventManagerTest" assertions="1" time="0.000220"/>
        <testcase name="testClearListeners" file="E:\CodifyTech\backend\innochannel-api-back\sdk\implementations\php\tests\Unit\Events\EventManagerTest.php" line="70" class="Tests\Unit\Events\EventManagerTest" classname="Tests.Unit.Events.EventManagerTest" assertions="1" time="0.000097"/>
        <testcase name="testDisableEvents" file="E:\CodifyTech\backend\innochannel-api-back\sdk\implementations\php\tests\Unit\Events\EventManagerTest.php" line="86" class="Tests\Unit\Events\EventManagerTest" classname="Tests.Unit.Events.EventManagerTest" assertions="1" time="0.000078"/>
        <testcase name="testEnableEvents" file="E:\CodifyTech\backend\innochannel-api-back\sdk\implementations\php\tests\Unit\Events\EventManagerTest.php" line="102" class="Tests\Unit\Events\EventManagerTest" classname="Tests.Unit.Events.EventManagerTest" assertions="1" time="0.000080"/>
        <testcase name="testWithoutEvents" file="E:\CodifyTech\backend\innochannel-api-back\sdk\implementations\php\tests\Unit\Events\EventManagerTest.php" line="119" class="Tests\Unit\Events\EventManagerTest" classname="Tests.Unit.Events.EventManagerTest" assertions="2" time="0.000077"/>
        <testcase name="testMultipleListeners" file="E:\CodifyTech\backend\innochannel-api-back\sdk\implementations\php\tests\Unit\Events\EventManagerTest.php" line="138" class="Tests\Unit\Events\EventManagerTest" classname="Tests.Unit.Events.EventManagerTest" assertions="2" time="0.000100"/>
        <testcase name="testEventWithData" file="E:\CodifyTech\backend\innochannel-api-back\sdk\implementations\php\tests\Unit\Events\EventManagerTest.php" line="161" class="Tests\Unit\Events\EventManagerTest" classname="Tests.Unit.Events.EventManagerTest" assertions="1" time="0.000089"/>
      </testsuite>
      <testsuite name="Tests\Unit\Models\BookingTest" file="E:\CodifyTech\backend\innochannel-api-back\sdk\implementations\php\tests\Unit\Models\BookingTest.php" tests="12" assertions="35" errors="0" failures="0" skipped="0" time="0.002857">
        <testcase name="testConstructorWithData" file="E:\CodifyTech\backend\innochannel-api-back\sdk\implementations\php\tests\Unit\Models\BookingTest.php" line="60" class="Tests\Unit\Models\BookingTest" classname="Tests.Unit.Models.BookingTest" assertions="5" time="0.001033"/>
        <testcase name="testConstructorFiresCreatedEvent" file="E:\CodifyTech\backend\innochannel-api-back\sdk\implementations\php\tests\Unit\Models\BookingTest.php" line="71" class="Tests\Unit\Models\BookingTest" classname="Tests.Unit.Models.BookingTest" assertions="1" time="0.000096"/>
        <testcase name="testSettersFireUpdateEvents" file="E:\CodifyTech\backend\innochannel-api-back\sdk\implementations\php\tests\Unit\Models\BookingTest.php" line="83" class="Tests\Unit\Models\BookingTest" classname="Tests.Unit.Models.BookingTest" assertions="2" time="0.000087"/>
        <testcase name="testSetStatusFiresSpecificEvents" file="E:\CodifyTech\backend\innochannel-api-back\sdk\implementations\php\tests\Unit\Models\BookingTest.php" line="98" class="Tests\Unit\Models\BookingTest" classname="Tests.Unit.Models.BookingTest" assertions="2" time="0.000288"/>
        <testcase name="testDeleteFiresDeletedEvent" file="E:\CodifyTech\backend\innochannel-api-back\sdk\implementations\php\tests\Unit\Models\BookingTest.php" line="119" class="Tests\Unit\Models\BookingTest" classname="Tests.Unit.Models.BookingTest" assertions="1" time="0.000181"/>
        <testcase name="testToArray" file="E:\CodifyTech\backend\innochannel-api-back\sdk\implementations\php\tests\Unit\Models\BookingTest.php" line="133" class="Tests\Unit\Models\BookingTest" classname="Tests.Unit.Models.BookingTest" assertions="4" time="0.000304"/>
        <testcase name="testFromArray" file="E:\CodifyTech\backend\innochannel-api-back\sdk\implementations\php\tests\Unit\Models\BookingTest.php" line="144" class="Tests\Unit\Models\BookingTest" classname="Tests.Unit.Models.BookingTest" assertions="3" time="0.000089"/>
        <testcase name="testFillFromArray" file="E:\CodifyTech\backend\innochannel-api-back\sdk\implementations\php\tests\Unit\Models\BookingTest.php" line="153" class="Tests\Unit\Models\BookingTest" classname="Tests.Unit.Models.BookingTest" assertions="3" time="0.000080"/>
        <testcase name="testEventsCanBeDisabled" file="E:\CodifyTech\backend\innochannel-api-back\sdk\implementations\php\tests\Unit\Models\BookingTest.php" line="169" class="Tests\Unit\Models\BookingTest" classname="Tests.Unit.Models.BookingTest" assertions="2" time="0.000078"/>
        <testcase name="testWithoutEvents" file="E:\CodifyTech\backend\innochannel-api-back\sdk\implementations\php\tests\Unit\Models\BookingTest.php" line="185" class="Tests\Unit\Models\BookingTest" classname="Tests.Unit.Models.BookingTest" assertions="2" time="0.000074"/>
        <testcase name="testIsDirtyAndGetChanges" file="E:\CodifyTech\backend\innochannel-api-back\sdk\implementations\php\tests\Unit\Models\BookingTest.php" line="202" class="Tests\Unit\Models\BookingTest" classname="Tests.Unit.Models.BookingTest" assertions="6" time="0.000458"/>
        <testcase name="testDateTimeHandling" file="E:\CodifyTech\backend\innochannel-api-back\sdk\implementations\php\tests\Unit\Models\BookingTest.php" line="218" class="Tests\Unit\Models\BookingTest" classname="Tests.Unit.Models.BookingTest" assertions="4" time="0.000090"/>
      </testsuite>
      <testsuite name="Innochannel\Sdk\Tests\Unit\Services\BookingServiceTest" file="E:\CodifyTech\backend\innochannel-api-back\sdk\implementations\php\tests\Unit\Services\BookingServiceTest.php" tests="27" assertions="31" errors="0" failures="0" skipped="0" time="0.011692">
        <testcase name="testCreateBookingSuccess" file="E:\CodifyTech\backend\innochannel-api-back\sdk\implementations\php\tests\Unit\Services\BookingServiceTest.php" line="106" class="Innochannel\Sdk\Tests\Unit\Services\BookingServiceTest" classname="Innochannel.Sdk.Tests.Unit.Services.BookingServiceTest" assertions="2" time="0.008405"/>
        <testcase name="testCreateBookingValidationFailure" file="E:\CodifyTech\backend\innochannel-api-back\sdk\implementations\php\tests\Unit\Services\BookingServiceTest.php" line="136" class="Innochannel\Sdk\Tests\Unit\Services\BookingServiceTest" classname="Innochannel.Sdk.Tests.Unit.Services.BookingServiceTest" assertions="1" time="0.000127"/>
        <testcase name="testGetBookingSuccess" file="E:\CodifyTech\backend\innochannel-api-back\sdk\implementations\php\tests\Unit\Services\BookingServiceTest.php" line="163" class="Innochannel\Sdk\Tests\Unit\Services\BookingServiceTest" classname="Innochannel.Sdk.Tests.Unit.Services.BookingServiceTest" assertions="2" time="0.000139"/>
        <testcase name="testGetBookingNotFound" file="E:\CodifyTech\backend\innochannel-api-back\sdk\implementations\php\tests\Unit\Services\BookingServiceTest.php" line="180" class="Innochannel\Sdk\Tests\Unit\Services\BookingServiceTest" classname="Innochannel.Sdk.Tests.Unit.Services.BookingServiceTest" assertions="1" time="0.000099"/>
        <testcase name="testListBookingsWithDefaultFilters" file="E:\CodifyTech\backend\innochannel-api-back\sdk\implementations\php\tests\Unit\Services\BookingServiceTest.php" line="193" class="Innochannel\Sdk\Tests\Unit\Services\BookingServiceTest" classname="Innochannel.Sdk.Tests.Unit.Services.BookingServiceTest" assertions="1" time="0.000193"/>
        <testcase name="testListBookingsWithCustomFilters" file="E:\CodifyTech\backend\innochannel-api-back\sdk\implementations\php\tests\Unit\Services\BookingServiceTest.php" line="213" class="Innochannel\Sdk\Tests\Unit\Services\BookingServiceTest" classname="Innochannel.Sdk.Tests.Unit.Services.BookingServiceTest" assertions="1" time="0.000176"/>
        <testcase name="testUpdateBookingSuccess" file="E:\CodifyTech\backend\innochannel-api-back\sdk\implementations\php\tests\Unit\Services\BookingServiceTest.php" line="242" class="Innochannel\Sdk\Tests\Unit\Services\BookingServiceTest" classname="Innochannel.Sdk.Tests.Unit.Services.BookingServiceTest" assertions="1" time="0.000112"/>
        <testcase name="testUpdateBookingValidationFailure" file="E:\CodifyTech\backend\innochannel-api-back\sdk\implementations\php\tests\Unit\Services\BookingServiceTest.php" line="264" class="Innochannel\Sdk\Tests\Unit\Services\BookingServiceTest" classname="Innochannel.Sdk.Tests.Unit.Services.BookingServiceTest" assertions="1" time="0.000086"/>
        <testcase name="testCancelBookingSuccess" file="E:\CodifyTech\backend\innochannel-api-back\sdk\implementations\php\tests\Unit\Services\BookingServiceTest.php" line="282" class="Innochannel\Sdk\Tests\Unit\Services\BookingServiceTest" classname="Innochannel.Sdk.Tests.Unit.Services.BookingServiceTest" assertions="2" time="0.000111"/>
        <testcase name="testConfirmBookingSuccess" file="E:\CodifyTech\backend\innochannel-api-back\sdk\implementations\php\tests\Unit\Services\BookingServiceTest.php" line="310" class="Innochannel\Sdk\Tests\Unit\Services\BookingServiceTest" classname="Innochannel.Sdk.Tests.Unit.Services.BookingServiceTest" assertions="2" time="0.000106"/>
        <testcase name="testModifyBookingSuccess" file="E:\CodifyTech\backend\innochannel-api-back\sdk\implementations\php\tests\Unit\Services\BookingServiceTest.php" line="337" class="Innochannel\Sdk\Tests\Unit\Services\BookingServiceTest" classname="Innochannel.Sdk.Tests.Unit.Services.BookingServiceTest" assertions="1" time="0.000104"/>
        <testcase name="testModifyBookingValidationFailure" file="E:\CodifyTech\backend\innochannel-api-back\sdk\implementations\php\tests\Unit\Services\BookingServiceTest.php" line="364" class="Innochannel\Sdk\Tests\Unit\Services\BookingServiceTest" classname="Innochannel.Sdk.Tests.Unit.Services.BookingServiceTest" assertions="1" time="0.000075"/>
        <testcase name="testGetBookingHistorySuccess" file="E:\CodifyTech\backend\innochannel-api-back\sdk\implementations\php\tests\Unit\Services\BookingServiceTest.php" line="384" class="Innochannel\Sdk\Tests\Unit\Services\BookingServiceTest" classname="Innochannel.Sdk.Tests.Unit.Services.BookingServiceTest" assertions="1" time="0.000128"/>
        <testcase name="testAddNoteSuccess" file="E:\CodifyTech\backend\innochannel-api-back\sdk\implementations\php\tests\Unit\Services\BookingServiceTest.php" line="421" class="Innochannel\Sdk\Tests\Unit\Services\BookingServiceTest" classname="Innochannel.Sdk.Tests.Unit.Services.BookingServiceTest" assertions="1" time="0.000093"/>
        <testcase name="testAddNoteValidationFailure" file="E:\CodifyTech\backend\innochannel-api-back\sdk\implementations\php\tests\Unit\Services\BookingServiceTest.php" line="449" class="Innochannel\Sdk\Tests\Unit\Services\BookingServiceTest" classname="Innochannel.Sdk.Tests.Unit.Services.BookingServiceTest" assertions="1" time="0.000081"/>
        <testcase name="testGetNotesSuccess" file="E:\CodifyTech\backend\innochannel-api-back\sdk\implementations\php\tests\Unit\Services\BookingServiceTest.php" line="469" class="Innochannel\Sdk\Tests\Unit\Services\BookingServiceTest" classname="Innochannel.Sdk.Tests.Unit.Services.BookingServiceTest" assertions="1" time="0.000098"/>
        <testcase name="testUpdateNoteSuccess" file="E:\CodifyTech\backend\innochannel-api-back\sdk\implementations\php\tests\Unit\Services\BookingServiceTest.php" line="493" class="Innochannel\Sdk\Tests\Unit\Services\BookingServiceTest" classname="Innochannel.Sdk.Tests.Unit.Services.BookingServiceTest" assertions="1" time="0.000095"/>
        <testcase name="testDeleteNoteSuccess" file="E:\CodifyTech\backend\innochannel-api-back\sdk\implementations\php\tests\Unit\Services\BookingServiceTest.php" line="520" class="Innochannel\Sdk\Tests\Unit\Services\BookingServiceTest" classname="Innochannel.Sdk.Tests.Unit.Services.BookingServiceTest" assertions="1" time="0.000077"/>
        <testcase name="testProcessPaymentSuccess" file="E:\CodifyTech\backend\innochannel-api-back\sdk\implementations\php\tests\Unit\Services\BookingServiceTest.php" line="534" class="Innochannel\Sdk\Tests\Unit\Services\BookingServiceTest" classname="Innochannel.Sdk.Tests.Unit.Services.BookingServiceTest" assertions="1" time="0.000097"/>
        <testcase name="testProcessPaymentValidationFailure" file="E:\CodifyTech\backend\innochannel-api-back\sdk\implementations\php\tests\Unit\Services\BookingServiceTest.php" line="566" class="Innochannel\Sdk\Tests\Unit\Services\BookingServiceTest" classname="Innochannel.Sdk.Tests.Unit.Services.BookingServiceTest" assertions="1" time="0.000084"/>
        <testcase name="testGetPaymentsSuccess" file="E:\CodifyTech\backend\innochannel-api-back\sdk\implementations\php\tests\Unit\Services\BookingServiceTest.php" line="588" class="Innochannel\Sdk\Tests\Unit\Services\BookingServiceTest" classname="Innochannel.Sdk.Tests.Unit.Services.BookingServiceTest" assertions="1" time="0.000102"/>
        <testcase name="testRefundPaymentSuccess" file="E:\CodifyTech\backend\innochannel-api-back\sdk\implementations\php\tests\Unit\Services\BookingServiceTest.php" line="614" class="Innochannel\Sdk\Tests\Unit\Services\BookingServiceTest" classname="Innochannel.Sdk.Tests.Unit.Services.BookingServiceTest" assertions="1" time="0.000099"/>
        <testcase name="testSyncBookingWithPmsSuccess" file="E:\CodifyTech\backend\innochannel-api-back\sdk\implementations\php\tests\Unit\Services\BookingServiceTest.php" line="643" class="Innochannel\Sdk\Tests\Unit\Services\BookingServiceTest" classname="Innochannel.Sdk.Tests.Unit.Services.BookingServiceTest" assertions="1" time="0.000092"/>
        <testcase name="testValidateBookingDataSuccess" file="E:\CodifyTech\backend\innochannel-api-back\sdk\implementations\php\tests\Unit\Services\BookingServiceTest.php" line="675" class="Innochannel\Sdk\Tests\Unit\Services\BookingServiceTest" classname="Innochannel.Sdk.Tests.Unit.Services.BookingServiceTest" assertions="1" time="0.000079"/>
        <testcase name="testValidateBookingDataFailure" file="E:\CodifyTech\backend\innochannel-api-back\sdk\implementations\php\tests\Unit\Services\BookingServiceTest.php" line="699" class="Innochannel\Sdk\Tests\Unit\Services\BookingServiceTest" classname="Innochannel.Sdk.Tests.Unit.Services.BookingServiceTest" assertions="1" time="0.000077"/>
        <testcase name="testValidateGuestDataSuccess" file="E:\CodifyTech\backend\innochannel-api-back\sdk\implementations\php\tests\Unit\Services\BookingServiceTest.php" line="722" class="Innochannel\Sdk\Tests\Unit\Services\BookingServiceTest" classname="Innochannel.Sdk.Tests.Unit.Services.BookingServiceTest" assertions="1" time="0.000080"/>
        <testcase name="testValidateGuestDataFailure" file="E:\CodifyTech\backend\innochannel-api-back\sdk\implementations\php\tests\Unit\Services\BookingServiceTest.php" line="738" class="Innochannel\Sdk\Tests\Unit\Services\BookingServiceTest" classname="Innochannel.Sdk.Tests.Unit.Services.BookingServiceTest" assertions="1" time="0.000674"/>
      </testsuite>
      <testsuite name="Innochannel\Sdk\Tests\Unit\Services\PropertyServiceTest" file="E:\CodifyTech\backend\innochannel-api-back\sdk\implementations\php\tests\Unit\Services\PropertyServiceTest.php" tests="24" assertions="51" errors="0" failures="0" skipped="0" time="0.004076">
        <testcase name="testCreatePropertySuccess" file="E:\CodifyTech\backend\innochannel-api-back\sdk\implementations\php\tests\Unit\Services\PropertyServiceTest.php" line="115" class="Innochannel\Sdk\Tests\Unit\Services\PropertyServiceTest" classname="Innochannel.Sdk.Tests.Unit.Services.PropertyServiceTest" assertions="2" time="0.000682"/>
        <testcase name="testCreatePropertyValidationFailure" file="E:\CodifyTech\backend\innochannel-api-back\sdk\implementations\php\tests\Unit\Services\PropertyServiceTest.php" line="149" class="Innochannel\Sdk\Tests\Unit\Services\PropertyServiceTest" classname="Innochannel.Sdk.Tests.Unit.Services.PropertyServiceTest" assertions="1" time="0.000097"/>
        <testcase name="testGetPropertySuccess" file="E:\CodifyTech\backend\innochannel-api-back\sdk\implementations\php\tests\Unit\Services\PropertyServiceTest.php" line="173" class="Innochannel\Sdk\Tests\Unit\Services\PropertyServiceTest" classname="Innochannel.Sdk.Tests.Unit.Services.PropertyServiceTest" assertions="2" time="0.000120"/>
        <testcase name="testGetPropertyNotFound" file="E:\CodifyTech\backend\innochannel-api-back\sdk\implementations\php\tests\Unit\Services\PropertyServiceTest.php" line="190" class="Innochannel\Sdk\Tests\Unit\Services\PropertyServiceTest" classname="Innochannel.Sdk.Tests.Unit.Services.PropertyServiceTest" assertions="1" time="0.000097"/>
        <testcase name="testListPropertiesWithDefaultFilters" file="E:\CodifyTech\backend\innochannel-api-back\sdk\implementations\php\tests\Unit\Services\PropertyServiceTest.php" line="203" class="Innochannel\Sdk\Tests\Unit\Services\PropertyServiceTest" classname="Innochannel.Sdk.Tests.Unit.Services.PropertyServiceTest" assertions="4" time="0.000308"/>
        <testcase name="testListPropertiesWithCustomFilters" file="E:\CodifyTech\backend\innochannel-api-back\sdk\implementations\php\tests\Unit\Services\PropertyServiceTest.php" line="226" class="Innochannel\Sdk\Tests\Unit\Services\PropertyServiceTest" classname="Innochannel.Sdk.Tests.Unit.Services.PropertyServiceTest" assertions="4" time="0.000140"/>
        <testcase name="testUpdatePropertySuccess" file="E:\CodifyTech\backend\innochannel-api-back\sdk\implementations\php\tests\Unit\Services\PropertyServiceTest.php" line="256" class="Innochannel\Sdk\Tests\Unit\Services\PropertyServiceTest" classname="Innochannel.Sdk.Tests.Unit.Services.PropertyServiceTest" assertions="2" time="0.000115"/>
        <testcase name="testUpdatePropertyValidationFailure" file="E:\CodifyTech\backend\innochannel-api-back\sdk\implementations\php\tests\Unit\Services\PropertyServiceTest.php" line="278" class="Innochannel\Sdk\Tests\Unit\Services\PropertyServiceTest" classname="Innochannel.Sdk.Tests.Unit.Services.PropertyServiceTest" assertions="1" time="0.000077"/>
        <testcase name="testDeletePropertySuccess" file="E:\CodifyTech\backend\innochannel-api-back\sdk\implementations\php\tests\Unit\Services\PropertyServiceTest.php" line="292" class="Innochannel\Sdk\Tests\Unit\Services\PropertyServiceTest" classname="Innochannel.Sdk.Tests.Unit.Services.PropertyServiceTest" assertions="1" time="0.000079"/>
        <testcase name="testCreateRoomSuccess" file="E:\CodifyTech\backend\innochannel-api-back\sdk\implementations\php\tests\Unit\Services\PropertyServiceTest.php" line="306" class="Innochannel\Sdk\Tests\Unit\Services\PropertyServiceTest" classname="Innochannel.Sdk.Tests.Unit.Services.PropertyServiceTest" assertions="2" time="0.000371"/>
        <testcase name="testCreateRoomValidationFailure" file="E:\CodifyTech\backend\innochannel-api-back\sdk\implementations\php\tests\Unit\Services\PropertyServiceTest.php" line="337" class="Innochannel\Sdk\Tests\Unit\Services\PropertyServiceTest" classname="Innochannel.Sdk.Tests.Unit.Services.PropertyServiceTest" assertions="1" time="0.000086"/>
        <testcase name="testListRoomsSuccess" file="E:\CodifyTech\backend\innochannel-api-back\sdk\implementations\php\tests\Unit\Services\PropertyServiceTest.php" line="359" class="Innochannel\Sdk\Tests\Unit\Services\PropertyServiceTest" classname="Innochannel.Sdk.Tests.Unit.Services.PropertyServiceTest" assertions="4" time="0.000127"/>
        <testcase name="testListRoomsWithFilters" file="E:\CodifyTech\backend\innochannel-api-back\sdk\implementations\php\tests\Unit\Services\PropertyServiceTest.php" line="380" class="Innochannel\Sdk\Tests\Unit\Services\PropertyServiceTest" classname="Innochannel.Sdk.Tests.Unit.Services.PropertyServiceTest" assertions="4" time="0.000115"/>
        <testcase name="testGetRoomSuccess" file="E:\CodifyTech\backend\innochannel-api-back\sdk\implementations\php\tests\Unit\Services\PropertyServiceTest.php" line="402" class="Innochannel\Sdk\Tests\Unit\Services\PropertyServiceTest" classname="Innochannel.Sdk.Tests.Unit.Services.PropertyServiceTest" assertions="2" time="0.000099"/>
        <testcase name="testUpdateRoomSuccess" file="E:\CodifyTech\backend\innochannel-api-back\sdk\implementations\php\tests\Unit\Services\PropertyServiceTest.php" line="419" class="Innochannel\Sdk\Tests\Unit\Services\PropertyServiceTest" classname="Innochannel.Sdk.Tests.Unit.Services.PropertyServiceTest" assertions="2" time="0.000103"/>
        <testcase name="testDeleteRoomSuccess" file="E:\CodifyTech\backend\innochannel-api-back\sdk\implementations\php\tests\Unit\Services\PropertyServiceTest.php" line="441" class="Innochannel\Sdk\Tests\Unit\Services\PropertyServiceTest" classname="Innochannel.Sdk.Tests.Unit.Services.PropertyServiceTest" assertions="1" time="0.000079"/>
        <testcase name="testCreateRatePlanSuccess" file="E:\CodifyTech\backend\innochannel-api-back\sdk\implementations\php\tests\Unit\Services\PropertyServiceTest.php" line="455" class="Innochannel\Sdk\Tests\Unit\Services\PropertyServiceTest" classname="Innochannel.Sdk.Tests.Unit.Services.PropertyServiceTest" assertions="3" time="0.000668"/>
        <testcase name="testCreateRatePlanValidationFailure" file="E:\CodifyTech\backend\innochannel-api-back\sdk\implementations\php\tests\Unit\Services\PropertyServiceTest.php" line="494" class="Innochannel\Sdk\Tests\Unit\Services\PropertyServiceTest" classname="Innochannel.Sdk.Tests.Unit.Services.PropertyServiceTest" assertions="1" time="0.000092"/>
        <testcase name="testListRatePlansSuccess" file="E:\CodifyTech\backend\innochannel-api-back\sdk\implementations\php\tests\Unit\Services\PropertyServiceTest.php" line="522" class="Innochannel\Sdk\Tests\Unit\Services\PropertyServiceTest" classname="Innochannel.Sdk.Tests.Unit.Services.PropertyServiceTest" assertions="4" time="0.000134"/>
        <testcase name="testGetRatePlanSuccess" file="E:\CodifyTech\backend\innochannel-api-back\sdk\implementations\php\tests\Unit\Services\PropertyServiceTest.php" line="543" class="Innochannel\Sdk\Tests\Unit\Services\PropertyServiceTest" classname="Innochannel.Sdk.Tests.Unit.Services.PropertyServiceTest" assertions="3" time="0.000112"/>
        <testcase name="testUpdateRatePlanSuccess" file="E:\CodifyTech\backend\innochannel-api-back\sdk\implementations\php\tests\Unit\Services\PropertyServiceTest.php" line="561" class="Innochannel\Sdk\Tests\Unit\Services\PropertyServiceTest" classname="Innochannel.Sdk.Tests.Unit.Services.PropertyServiceTest" assertions="3" time="0.000111"/>
        <testcase name="testDeleteRatePlanSuccess" file="E:\CodifyTech\backend\innochannel-api-back\sdk\implementations\php\tests\Unit\Services\PropertyServiceTest.php" line="585" class="Innochannel\Sdk\Tests\Unit\Services\PropertyServiceTest" classname="Innochannel.Sdk.Tests.Unit.Services.PropertyServiceTest" assertions="1" time="0.000079"/>
        <testcase name="testTestPmsConnectionSuccess" file="E:\CodifyTech\backend\innochannel-api-back\sdk\implementations\php\tests\Unit\Services\PropertyServiceTest.php" line="599" class="Innochannel\Sdk\Tests\Unit\Services\PropertyServiceTest" classname="Innochannel.Sdk.Tests.Unit.Services.PropertyServiceTest" assertions="1" time="0.000096"/>
        <testcase name="testSyncWithPmsSuccess" file="E:\CodifyTech\backend\innochannel-api-back\sdk\implementations\php\tests\Unit\Services\PropertyServiceTest.php" line="625" class="Innochannel\Sdk\Tests\Unit\Services\PropertyServiceTest" classname="Innochannel.Sdk.Tests.Unit.Services.PropertyServiceTest" assertions="1" time="0.000088"/>
      </testsuite>
      <testsuite name="Tests\Unit\Traits\HasEventsTest" file="E:\CodifyTech\backend\innochannel-api-back\sdk\implementations\php\tests\Unit\Traits\HasEventsTest.php" tests="8" assertions="19" errors="0" failures="0" skipped="0" time="0.000547">
        <testcase name="testInitializeEvents" file="E:\CodifyTech\backend\innochannel-api-back\sdk\implementations\php\tests\Unit\Traits\HasEventsTest.php" line="35" class="Tests\Unit\Traits\HasEventsTest" classname="Tests.Unit.Traits.HasEventsTest" assertions="2" time="0.000103"/>
        <testcase name="testEnableDisableEvents" file="E:\CodifyTech\backend\innochannel-api-back\sdk\implementations\php\tests\Unit\Traits\HasEventsTest.php" line="41" class="Tests\Unit\Traits\HasEventsTest" classname="Tests.Unit.Traits.HasEventsTest" assertions="3" time="0.000067"/>
        <testcase name="testIsDirty" file="E:\CodifyTech\backend\innochannel-api-back\sdk\implementations\php\tests\Unit\Traits\HasEventsTest.php" line="52" class="Tests\Unit\Traits\HasEventsTest" classname="Tests.Unit.Traits.HasEventsTest" assertions="2" time="0.000054"/>
        <testcase name="testGetChanges" file="E:\CodifyTech\backend\innochannel-api-back\sdk\implementations\php\tests\Unit\Traits\HasEventsTest.php" line="60" class="Tests\Unit\Traits\HasEventsTest" classname="Tests.Unit.Traits.HasEventsTest" assertions="4" time="0.000087"/>
        <testcase name="testFireEvent" file="E:\CodifyTech\backend\innochannel-api-back\sdk\implementations\php\tests\Unit\Traits\HasEventsTest.php" line="72" class="Tests\Unit\Traits\HasEventsTest" classname="Tests.Unit.Traits.HasEventsTest" assertions="1" time="0.000060"/>
        <testcase name="testFireEventWhenDisabled" file="E:\CodifyTech\backend\innochannel-api-back\sdk\implementations\php\tests\Unit\Traits\HasEventsTest.php" line="83" class="Tests\Unit\Traits\HasEventsTest" classname="Tests.Unit.Traits.HasEventsTest" assertions="1" time="0.000054"/>
        <testcase name="testWithoutEvents" file="E:\CodifyTech\backend\innochannel-api-back\sdk\implementations\php\tests\Unit\Traits\HasEventsTest.php" line="95" class="Tests\Unit\Traits\HasEventsTest" classname="Tests.Unit.Traits.HasEventsTest" assertions="3" time="0.000060"/>
        <testcase name="testSyncOriginalAttributes" file="E:\CodifyTech\backend\innochannel-api-back\sdk\implementations\php\tests\Unit\Traits\HasEventsTest.php" line="112" class="Tests\Unit\Traits\HasEventsTest" classname="Tests.Unit.Traits.HasEventsTest" assertions="3" time="0.000062"/>
      </testsuite>
    </testsuite>
  </testsuite>
</testsuites>
